This file contains any messages produced by compilers while
running configure, to aid debugging if configure makes a mistake.

It was created by dbus-python configure 1.3.2, which was
generated by GNU Autoconf 2.71.  Invocation command line was

  $ ./configure --prefix=/usr

## --------- ##
## Platform. ##
## --------- ##

hostname = localhost
uname -m = x86_64
uname -r = 6.10.5
uname -s = Linux
uname -v = #1 SMP PREEMPT_DYNAMIC Wed Dec  4 14:40:00 -03 2024

/usr/bin/uname -p = unknown
/bin/uname -X     = unknown

/bin/arch              = unknown
/usr/bin/arch -k       = unknown
/usr/convex/getsysinfo = unknown
/usr/bin/hostinfo      = unknown
/bin/machine           = unknown
/usr/bin/oslevel       = unknown
/bin/universe          = unknown

PATH: /usr/sbin/
PATH: /usr/bin/
PATH: /usr/local/bin/


## ----------- ##
## Core tests. ##
## ----------- ##

configure:2466: looking for aux files: tap-driver.sh ltmain.sh config.guess config.sub missing install-sh compile
configure:2479:  trying ./build-aux/
configure:2508:   ./build-aux/tap-driver.sh found
configure:2508:   ./build-aux/ltmain.sh found
configure:2508:   ./build-aux/config.guess found
configure:2508:   ./build-aux/config.sub found
configure:2508:   ./build-aux/missing found
configure:2490:   ./build-aux/install-sh found
configure:2508:   ./build-aux/compile found
configure:2632: checking whether make supports nested variables
configure:2650: result: yes
configure:2669: checking whether to enable maintainer-specific portions of Makefiles
configure:2679: result: yes
configure:2778: checking for gcc
configure:2799: found /usr/bin/gcc
configure:2810: result: gcc
configure:3163: checking for C compiler version
configure:3172: gcc --version >&5
gcc (GCC) 14.2.0
Copyright (C) 2024 Free Software Foundation, Inc.
This is free software; see the source for copying conditions.  There is NO
warranty; not even for MERCHANTABILITY or FITNESS FOR A PARTICULAR PURPOSE.

configure:3183: $? = 0
configure:3172: gcc -v >&5
Using built-in specs.
COLLECT_GCC=gcc
COLLECT_LTO_WRAPPER=/usr/libexec/gcc/x86_64-pc-linux-gnu/14.2.0/lto-wrapper
Target: x86_64-pc-linux-gnu
Configured with: ../configure --prefix=/usr LD=ld --enable-languages=c,c++ --enable-default-pie --enable-default-ssp --enable-host-pie --disable-multilib --disable-bootstrap --disable-fixincludes --with-system-zlib
Thread model: posix
Supported LTO compression algorithms: zlib zstd
gcc version 14.2.0 (GCC) 
configure:3183: $? = 0
configure:3172: gcc -V >&5
gcc: error: unrecognized command-line option '-V'
gcc: fatal error: no input files
compilation terminated.
configure:3183: $? = 1
configure:3172: gcc -qversion >&5
gcc: error: unrecognized command-line option '-qversion'; did you mean '--version'?
gcc: fatal error: no input files
compilation terminated.
configure:3183: $? = 1
configure:3172: gcc -version >&5
gcc: error: unrecognized command-line option '-version'
gcc: fatal error: no input files
compilation terminated.
configure:3183: $? = 1
configure:3203: checking whether the C compiler works
configure:3225: gcc    conftest.c  >&5
configure:3229: $? = 0
configure:3279: result: yes
configure:3282: checking for C compiler default output file name
configure:3284: result: a.out
configure:3290: checking for suffix of executables
configure:3297: gcc -o conftest    conftest.c  >&5
configure:3301: $? = 0
configure:3324: result: 
configure:3346: checking whether we are cross compiling
configure:3354: gcc -o conftest    conftest.c  >&5
configure:3358: $? = 0
configure:3365: ./conftest
configure:3369: $? = 0
configure:3384: result: no
configure:3389: checking for suffix of object files
configure:3412: gcc -c   conftest.c >&5
configure:3416: $? = 0
configure:3438: result: o
configure:3442: checking whether the compiler supports GNU C
configure:3462: gcc -c   conftest.c >&5
configure:3462: $? = 0
configure:3472: result: yes
configure:3483: checking whether gcc accepts -g
configure:3504: gcc -c -g  conftest.c >&5
configure:3504: $? = 0
configure:3548: result: yes
configure:3568: checking for gcc option to enable C11 features
configure:3583: gcc  -c -g -O2  conftest.c >&5
configure:3583: $? = 0
configure:3601: result: none needed
configure:3717: checking whether gcc understands -c and -o together
configure:3740: gcc -c conftest.c -o conftest2.o
configure:3743: $? = 0
configure:3740: gcc -c conftest.c -o conftest2.o
configure:3743: $? = 0
configure:3755: result: yes
configure:3777: checking for stdio.h
configure:3777: gcc -c -g -O2  conftest.c >&5
configure:3777: $? = 0
configure:3777: result: yes
configure:3777: checking for stdlib.h
configure:3777: gcc -c -g -O2  conftest.c >&5
configure:3777: $? = 0
configure:3777: result: yes
configure:3777: checking for string.h
configure:3777: gcc -c -g -O2  conftest.c >&5
configure:3777: $? = 0
configure:3777: result: yes
configure:3777: checking for inttypes.h
configure:3777: gcc -c -g -O2  conftest.c >&5
configure:3777: $? = 0
configure:3777: result: yes
configure:3777: checking for stdint.h
configure:3777: gcc -c -g -O2  conftest.c >&5
configure:3777: $? = 0
configure:3777: result: yes
configure:3777: checking for strings.h
configure:3777: gcc -c -g -O2  conftest.c >&5
configure:3777: $? = 0
configure:3777: result: yes
configure:3777: checking for sys/stat.h
configure:3777: gcc -c -g -O2  conftest.c >&5
configure:3777: $? = 0
configure:3777: result: yes
configure:3777: checking for sys/types.h
configure:3777: gcc -c -g -O2  conftest.c >&5
configure:3777: $? = 0
configure:3777: result: yes
configure:3777: checking for unistd.h
configure:3777: gcc -c -g -O2  conftest.c >&5
configure:3777: $? = 0
configure:3777: result: yes
configure:3777: checking for wchar.h
configure:3777: gcc -c -g -O2  conftest.c >&5
configure:3777: $? = 0
configure:3777: result: yes
configure:3777: checking for minix/config.h
configure:3777: gcc -c -g -O2  conftest.c >&5
conftest.c:47:10: fatal error: minix/config.h: No such file or directory
   47 | #include <minix/config.h>
      |          ^~~~~~~~~~~~~~~~
compilation terminated.
configure:3777: $? = 1
configure: failed program was:
| /* confdefs.h */
| #define PACKAGE_NAME "dbus-python"
| #define PACKAGE_TARNAME "dbus-python"
| #define PACKAGE_VERSION "1.3.2"
| #define PACKAGE_STRING "dbus-python 1.3.2"
| #define PACKAGE_BUGREPORT "https://gitlab.freedesktop.org/dbus/dbus-python/-/issues/new"
| #define PACKAGE_URL ""
| #define HAVE_STDIO_H 1
| #define HAVE_STDLIB_H 1
| #define HAVE_STRING_H 1
| #define HAVE_INTTYPES_H 1
| #define HAVE_STDINT_H 1
| #define HAVE_STRINGS_H 1
| #define HAVE_SYS_STAT_H 1
| #define HAVE_SYS_TYPES_H 1
| #define HAVE_UNISTD_H 1
| #define HAVE_WCHAR_H 1
| /* end confdefs.h.  */
| #include <stddef.h>
| #ifdef HAVE_STDIO_H
| # include <stdio.h>
| #endif
| #ifdef HAVE_STDLIB_H
| # include <stdlib.h>
| #endif
| #ifdef HAVE_STRING_H
| # include <string.h>
| #endif
| #ifdef HAVE_INTTYPES_H
| # include <inttypes.h>
| #endif
| #ifdef HAVE_STDINT_H
| # include <stdint.h>
| #endif
| #ifdef HAVE_STRINGS_H
| # include <strings.h>
| #endif
| #ifdef HAVE_SYS_TYPES_H
| # include <sys/types.h>
| #endif
| #ifdef HAVE_SYS_STAT_H
| # include <sys/stat.h>
| #endif
| #ifdef HAVE_UNISTD_H
| # include <unistd.h>
| #endif
| #include <minix/config.h>
configure:3777: result: no
configure:3808: checking whether it is safe to define __EXTENSIONS__
configure:3827: gcc -c -g -O2  conftest.c >&5
configure:3827: $? = 0
configure:3835: result: yes
configure:3838: checking whether _XOPEN_SOURCE should be defined
configure:3860: gcc -c -g -O2  conftest.c >&5
configure:3860: $? = 0
configure:3887: result: no
configure:3961: checking for a BSD-compatible install
configure:4034: result: /usr/bin/install -c
configure:4045: checking whether build environment is sane
configure:4100: result: yes
configure:4255: checking for a race-free mkdir -p
configure:4299: result: /usr/bin/mkdir -p
configure:4306: checking for gawk
configure:4327: found /usr/bin/gawk
configure:4338: result: gawk
configure:4349: checking whether make sets $(MAKE)
configure:4372: result: yes
configure:4394: checking whether make supports the include directive
configure:4409: make -f confmf.GNU && cat confinc.out
this is the am__doit target
configure:4412: $? = 0
configure:4431: result: yes (GNU style)
configure:4528: checking whether UID '0' is supported by ustar format
configure:4531: result: yes
configure:4538: checking whether GID '0' is supported by ustar format
configure:4541: result: yes
configure:4549: checking how to create a ustar tar archive
configure:4560: tar --version
tar (GNU tar) 1.35
Copyright (C) 2023 Free Software Foundation, Inc.
License GPLv3+: GNU GPL version 3 or later <https://gnu.org/licenses/gpl.html>.
This is free software: you are free to change and redistribute it.
There is NO WARRANTY, to the extent permitted by law.

Written by John Gilmore and Jay Fenlason.
configure:4563: $? = 0
configure:4603: tardir=conftest.dir && eval tar --format=ustar -chf - "$tardir" >conftest.tar
configure:4606: $? = 0
configure:4610: tar -xf - <conftest.tar
configure:4613: $? = 0
configure:4615: cat conftest.dir/file
GrepMe
configure:4618: $? = 0
configure:4632: result: gnutar
configure:4641: checking dependency style of gcc
configure:4753: result: gcc3
configure:4832: checking build system type
configure:4847: result: x86_64-pc-linux-gnu
configure:4867: checking host system type
configure:4881: result: x86_64-pc-linux-gnu
configure:4903: checking for native Windows host
configure:4913: result: no
configure:5006: checking how to print strings
configure:5033: result: printf
configure:5054: checking for a sed that does not truncate output
configure:5124: result: /usr/bin/sed
configure:5142: checking for grep that handles long lines and -e
configure:5206: result: /usr/bin/grep
configure:5211: checking for egrep
configure:5279: result: /usr/bin/grep -E
configure:5284: checking for fgrep
configure:5352: result: /usr/bin/grep -F
configure:5388: checking for ld used by gcc
configure:5456: result: /usr/bin/ld
configure:5463: checking if the linker (/usr/bin/ld) is GNU ld
configure:5479: result: yes
configure:5491: checking for BSD- or MS-compatible name lister (nm)
configure:5546: result: /usr/bin/nm -B
configure:5686: checking the name lister (/usr/bin/nm -B) interface
configure:5694: gcc -c -g -O2  conftest.c >&5
configure:5697: /usr/bin/nm -B "conftest.o"
configure:5700: output
0000000000000000 B some_variable
configure:5707: result: BSD nm
configure:5710: checking whether ln -s works
configure:5714: result: yes
configure:5722: checking the maximum length of command line arguments
configure:5854: result: 1572864
configure:5902: checking how to convert x86_64-pc-linux-gnu file names to x86_64-pc-linux-gnu format
configure:5943: result: func_convert_file_noop
configure:5950: checking how to convert x86_64-pc-linux-gnu file names to toolchain format
configure:5971: result: func_convert_file_noop
configure:5978: checking for /usr/bin/ld option to reload object files
configure:5986: result: -r
configure:6065: checking for file
configure:6086: found /usr/bin/file
configure:6097: result: file
configure:6173: checking for objdump
configure:6194: found /usr/bin/objdump
configure:6205: result: objdump
configure:6237: checking how to recognize dependent libraries
configure:6438: result: pass_all
configure:6528: checking for dlltool
configure:6563: result: no
configure:6593: checking how to associate runtime and link libraries
configure:6621: result: printf %s\n
configure:6686: checking for ar
configure:6707: found /usr/bin/ar
configure:6718: result: ar
configure:6771: checking for archiver @FILE support
configure:6789: gcc -c -g -O2  conftest.c >&5
configure:6789: $? = 0
configure:6793: ar cr libconftest.a @conftest.lst >&5
configure:6796: $? = 0
configure:6801: ar cr libconftest.a @conftest.lst >&5
ar: conftest.o: No such file or directory
configure:6804: $? = 1
configure:6816: result: @
configure:6879: checking for strip
configure:6900: found /usr/bin/strip
configure:6911: result: strip
configure:6988: checking for ranlib
configure:7009: found /usr/bin/ranlib
configure:7020: result: ranlib
configure:7122: checking command to parse /usr/bin/nm -B output from gcc object
configure:7276: gcc -c -g -O2  conftest.c >&5
configure:7279: $? = 0
configure:7283: /usr/bin/nm -B conftest.o | /usr/bin/sed -n -e 's/^.*[	 ]\([ABCDGIRSTW][ABCDGIRSTW]*\)[	 ][	 ]*\([_A-Za-z][_A-Za-z0-9]*\)$/\1 \2 \2/p' | /usr/bin/sed '/ __gnu_lto/d' > conftest.nm
configure:7349: gcc -o conftest -g -O2   conftest.c conftstm.o >&5
configure:7352: $? = 0
configure:7390: result: ok
configure:7437: checking for sysroot
configure:7468: result: no
configure:7475: checking for a working dd
configure:7519: result: /usr/bin/dd
configure:7523: checking how to truncate binary pipes
configure:7539: result: /usr/bin/dd bs=4096 count=1
configure:7676: gcc -c -g -O2  conftest.c >&5
configure:7679: $? = 0
configure:7876: checking for mt
configure:7911: result: no
configure:7931: checking if : is a manifest tool
configure:7938: : '-?'
configure:7946: result: no
configure:8667: checking for dlfcn.h
configure:8667: gcc -c -g -O2  conftest.c >&5
configure:8667: $? = 0
configure:8667: result: yes
configure:8895: checking for objdir
configure:8911: result: .libs
configure:9175: checking if gcc supports -fno-rtti -fno-exceptions
configure:9194: gcc -c -g -O2  -fno-rtti -fno-exceptions conftest.c >&5
cc1: warning: command-line option '-fno-rtti' is valid for C++/D/ObjC++ but not for C
configure:9198: $? = 0
configure:9211: result: no
configure:9575: checking for gcc option to produce PIC
configure:9583: result: -fPIC -DPIC
configure:9591: checking if gcc PIC flag -fPIC -DPIC works
configure:9610: gcc -c -g -O2  -fPIC -DPIC -DPIC conftest.c >&5
configure:9614: $? = 0
configure:9627: result: yes
configure:9656: checking if gcc static flag -static works
configure:9685: result: yes
configure:9700: checking if gcc supports -c -o file.o
configure:9722: gcc -c -g -O2  -o out/conftest2.o conftest.c >&5
configure:9726: $? = 0
configure:9748: result: yes
configure:9756: checking if gcc supports -c -o file.o
configure:9804: result: yes
configure:9837: checking whether the gcc linker (/usr/bin/ld -m elf_x86_64) supports shared libraries
configure:11111: result: yes
configure:11148: checking whether -lc should be explicitly linked in
configure:11157: gcc -c -g -O2  conftest.c >&5
configure:11160: $? = 0
configure:11175: gcc -shared  -fPIC -DPIC conftest.o  -v -Wl,-soname -Wl,conftest -o conftest 2\>\&1 \| /usr/bin/grep  -lc  \>/dev/null 2\>\&1
configure:11178: $? = 0
configure:11192: result: no
configure:11352: checking dynamic linker characteristics
configure:11934: gcc -o conftest -g -O2   -Wl,-rpath -Wl,/foo conftest.c  >&5
configure:11934: $? = 0
configure:12185: result: GNU/Linux ld.so
configure:12307: checking how to hardcode library paths into programs
configure:12332: result: immediate
configure:12884: checking whether stripping libraries is possible
configure:12893: result: yes
configure:12935: checking if libtool supports shared libraries
configure:12937: result: yes
configure:12940: checking whether to build shared libraries
configure:12965: result: yes
configure:12968: checking whether to build static libraries
configure:12972: result: no
configure:13010: checking for inline
configure:13027: gcc -c -g -O2  conftest.c >&5
configure:13027: $? = 0
configure:13036: result: inline
configure:13060: checking for gawk
configure:13092: result: gawk
configure:13129: checking for python3
configure:13152: found /usr/bin/python3
configure:13164: result: /usr/bin/python3
configure:13180: checking for a version of Python >= '2.1.0'
configure:13206: result: yes
configure:13217: checking for a version of Python >= '2.7'
configure:13244: result: yes
configure:13261: checking for the sysconfig Python package
configure:13265: result: yes
configure:13290: checking for Python include path
configure:13315: result: -I/usr/include/python3.12
configure:13322: checking for Python library path
configure:13397: result: -L/usr/lib -lpython3.12
configure:13404: checking for Python site-packages path
configure:13428: result: /usr/lib/python3.12/site-packages
configure:13435: checking for Python platform specific site-packages path
configure:13459: result: /usr/lib/python3.12/site-packages
configure:13466: checking python extra libraries
configure:13473: result: -ldl -lm
configure:13480: checking python extra linking flags
configure:13487: result: -Xlinker -export-dynamic
configure:13494: checking consistency of all components of python development environment
configure:13522: gcc -o conftest -g -O2  -I/usr/include/python3.12  -Xlinker -export-dynamic conftest.c  -L/usr/lib -lpython3.12 -ldl -lm >&5
configure:13522: $? = 0
configure:13541: result: yes
configure:13633: checking for python version
configure:13641: result: 3.12
configure:13646: checking for python platform
configure:13654: result: linux
configure:13715: checking for GNU default python prefix
configure:13717: result: ${prefix}
configure:13783: checking for GNU default python exec_prefix
configure:13785: result: ${exec_prefix}
configure:13816: checking for python script directory (pythondir)
configure:13858: result: ${PYTHON_PREFIX}/lib/python3.12/site-packages
configure:13866: checking for python extension module directory (pyexecdir)
configure:13908: result: ${PYTHON_EXEC_PREFIX}/lib/python3.12/site-packages
configure:13960: checking python3 module: sphinx
configure:13969: result: no
configure:14002: checking python3 module: sphinx_rtd_theme
configure:14011: result: no
configure:14037: checking for dbus-run-session
configure:14060: found /usr/bin/dbus-run-session
configure:14073: result: /usr/bin/dbus-run-session
configure:14150: checking for pkg-config
configure:14173: found /usr/bin/pkg-config
configure:14185: result: /usr/bin/pkg-config
configure:14210: checking pkg-config is at least version 0.9.0
configure:14213: result: yes
configure:14223: checking for dbus-1 >= 1.8
configure:14230: $PKG_CONFIG --exists --print-errors "dbus-1 >= 1.8"
configure:14233: $? = 0
configure:14247: $PKG_CONFIG --exists --print-errors "dbus-1 >= 1.8"
configure:14250: $? = 0
configure:14308: result: yes
configure:14314: checking for glib-2.0 >= 2.40
configure:14321: $PKG_CONFIG --exists --print-errors "glib-2.0 >= 2.40"
configure:14324: $? = 0
configure:14338: $PKG_CONFIG --exists --print-errors "glib-2.0 >= 2.40"
configure:14341: $? = 0
configure:14399: result: yes
configure:14485: gcc -c -g -O2  conftest.c >&5
conftest.c:43:9: error: #error "no C++"
   43 |        #error "no C++"
      |         ^~~~~
configure:14485: $? = 1
configure: failed program was:
| /* confdefs.h */
| #define PACKAGE_NAME "dbus-python"
| #define PACKAGE_TARNAME "dbus-python"
| #define PACKAGE_VERSION "1.3.2"
| #define PACKAGE_STRING "dbus-python 1.3.2"
| #define PACKAGE_BUGREPORT "https://gitlab.freedesktop.org/dbus/dbus-python/-/issues/new"
| #define PACKAGE_URL ""
| #define HAVE_STDIO_H 1
| #define HAVE_STDLIB_H 1
| #define HAVE_STRING_H 1
| #define HAVE_INTTYPES_H 1
| #define HAVE_STDINT_H 1
| #define HAVE_STRINGS_H 1
| #define HAVE_SYS_STAT_H 1
| #define HAVE_SYS_TYPES_H 1
| #define HAVE_UNISTD_H 1
| #define HAVE_WCHAR_H 1
| #define STDC_HEADERS 1
| #define _ALL_SOURCE 1
| #define _DARWIN_C_SOURCE 1
| #define _GNU_SOURCE 1
| #define _HPUX_ALT_XOPEN_SOCKET_API 1
| #define _NETBSD_SOURCE 1
| #define _OPENBSD_SOURCE 1
| #define _POSIX_PTHREAD_SEMANTICS 1
| #define __STDC_WANT_IEC_60559_ATTRIBS_EXT__ 1
| #define __STDC_WANT_IEC_60559_BFP_EXT__ 1
| #define __STDC_WANT_IEC_60559_DFP_EXT__ 1
| #define __STDC_WANT_IEC_60559_FUNCS_EXT__ 1
| #define __STDC_WANT_IEC_60559_TYPES_EXT__ 1
| #define __STDC_WANT_LIB_EXT2__ 1
| #define __STDC_WANT_MATH_SPEC_FUNCS__ 1
| #define _TANDEM_SOURCE 1
| #define __EXTENSIONS__ 1
| #define PACKAGE "dbus-python"
| #define VERSION "1.3.2"
| #define HAVE_DLFCN_H 1
| #define LT_OBJDIR ".libs/"
| #define HAVE_PYTHON "3.12"
| /* end confdefs.h.  */
| 
|       #ifndef __cplusplus
|        #error "no C++"
|        #endif
| int
| main (void)
| {
| 
|   ;
|   return 0;
| }
configure:14498: checking whether C compiler accepts -Werror=unknown-warning-option
configure:14518: gcc -c -g -O2  -Werror=unknown-warning-option  conftest.c >&5
cc1: error: '-Werror=unknown-warning-option': no option '-Wunknown-warning-option'
configure:14518: $? = 1
configure: failed program was:
| /* confdefs.h */
| #define PACKAGE_NAME "dbus-python"
| #define PACKAGE_TARNAME "dbus-python"
| #define PACKAGE_VERSION "1.3.2"
| #define PACKAGE_STRING "dbus-python 1.3.2"
| #define PACKAGE_BUGREPORT "https://gitlab.freedesktop.org/dbus/dbus-python/-/issues/new"
| #define PACKAGE_URL ""
| #define HAVE_STDIO_H 1
| #define HAVE_STDLIB_H 1
| #define HAVE_STRING_H 1
| #define HAVE_INTTYPES_H 1
| #define HAVE_STDINT_H 1
| #define HAVE_STRINGS_H 1
| #define HAVE_SYS_STAT_H 1
| #define HAVE_SYS_TYPES_H 1
| #define HAVE_UNISTD_H 1
| #define HAVE_WCHAR_H 1
| #define STDC_HEADERS 1
| #define _ALL_SOURCE 1
| #define _DARWIN_C_SOURCE 1
| #define _GNU_SOURCE 1
| #define _HPUX_ALT_XOPEN_SOCKET_API 1
| #define _NETBSD_SOURCE 1
| #define _OPENBSD_SOURCE 1
| #define _POSIX_PTHREAD_SEMANTICS 1
| #define __STDC_WANT_IEC_60559_ATTRIBS_EXT__ 1
| #define __STDC_WANT_IEC_60559_BFP_EXT__ 1
| #define __STDC_WANT_IEC_60559_DFP_EXT__ 1
| #define __STDC_WANT_IEC_60559_FUNCS_EXT__ 1
| #define __STDC_WANT_IEC_60559_TYPES_EXT__ 1
| #define __STDC_WANT_LIB_EXT2__ 1
| #define __STDC_WANT_MATH_SPEC_FUNCS__ 1
| #define _TANDEM_SOURCE 1
| #define __EXTENSIONS__ 1
| #define PACKAGE "dbus-python"
| #define VERSION "1.3.2"
| #define HAVE_DLFCN_H 1
| #define LT_OBJDIR ".libs/"
| #define HAVE_PYTHON "3.12"
| /* end confdefs.h.  */
| 
| int
| main (void)
| {
| 
|   ;
|   return 0;
| }
configure:14527: result: no
configure:14542: checking whether C compiler accepts -Wno-suggest-attribute=format
configure:14562: gcc -c -g -O2  -Wno-suggest-attribute=format  conftest.c >&5
configure:14562: $? = 0
configure:14571: result: yes
configure:14600: checking whether C compiler accepts -fno-strict-aliasing
configure:14620: gcc -c -g -O2  -fno-strict-aliasing  conftest.c >&5
configure:14620: $? = 0
configure:14630: result: yes
configure:14659: : WARN_CFLAGS="$WARN_CFLAGS"
configure:14662: $? = 0
configure:14600: checking whether C compiler accepts -Wdeprecated-declarations
configure:14620: gcc -c -g -O2  -Wdeprecated-declarations  conftest.c >&5
configure:14620: $? = 0
configure:14630: result: yes
configure:14648: : WARN_CFLAGS="$WARN_CFLAGS"
configure:14651: $? = 0
configure:14600: checking whether C compiler accepts -Wno-declaration-after-statement
configure:14620: gcc -c -g -O2  -Wno-declaration-after-statement  conftest.c >&5
configure:14620: $? = 0
configure:14630: result: yes
configure:14648: : WARN_CFLAGS="$WARN_CFLAGS"
configure:14651: $? = 0
configure:14600: checking whether C compiler accepts -Wno-duplicated-branches
configure:14620: gcc -c -g -O2  -Wno-duplicated-branches  conftest.c >&5
configure:14620: $? = 0
configure:14630: result: yes
configure:14648: : WARN_CFLAGS="$WARN_CFLAGS"
configure:14651: $? = 0
configure:14600: checking whether C compiler accepts -Wno-inline
configure:14620: gcc -c -g -O2  -Wno-inline  conftest.c >&5
configure:14620: $? = 0
configure:14630: result: yes
configure:14648: : WARN_CFLAGS="$WARN_CFLAGS"
configure:14651: $? = 0
configure:14600: checking whether C compiler accepts -Wno-redundant-decls
configure:14620: gcc -c -g -O2  -Wno-redundant-decls  conftest.c >&5
configure:14620: $? = 0
configure:14630: result: yes
configure:14648: : WARN_CFLAGS="$WARN_CFLAGS"
configure:14651: $? = 0
configure:14600: checking whether C compiler accepts -Wno-switch-default
configure:14620: gcc -c -g -O2  -Wno-switch-default  conftest.c >&5
configure:14620: $? = 0
configure:14630: result: yes
configure:14648: : WARN_CFLAGS="$WARN_CFLAGS"
configure:14651: $? = 0
configure:14600: checking whether C compiler accepts -Wno-write-strings
configure:14620: gcc -c -g -O2  -Wno-write-strings  conftest.c >&5
configure:14620: $? = 0
configure:14630: result: yes
configure:14648: : WARN_CFLAGS="$WARN_CFLAGS"
configure:14651: $? = 0
configure:14685: checking whether C compiler accepts -Wnested-externs
configure:14705: gcc -c -g -O2  -Wnested-externs  conftest.c >&5
configure:14705: $? = 0
configure:14715: result: yes
configure:14733: : WARN_CFLAGS="$WARN_CFLAGS"
configure:14736: $? = 0
configure:14685: checking whether C compiler accepts -Wmissing-prototypes
configure:14705: gcc -c -g -O2  -Wmissing-prototypes  conftest.c >&5
configure:14705: $? = 0
configure:14715: result: yes
configure:14733: : WARN_CFLAGS="$WARN_CFLAGS"
configure:14736: $? = 0
configure:14685: checking whether C compiler accepts -Wstrict-prototypes
configure:14705: gcc -c -g -O2  -Wstrict-prototypes  conftest.c >&5
configure:14705: $? = 0
configure:14715: result: yes
configure:14733: : WARN_CFLAGS="$WARN_CFLAGS"
configure:14736: $? = 0
configure:14685: checking whether C compiler accepts -Wdeclaration-after-statement
configure:14705: gcc -c -g -O2  -Wdeclaration-after-statement  conftest.c >&5
configure:14705: $? = 0
configure:14715: result: yes
configure:14733: : WARN_CFLAGS="$WARN_CFLAGS"
configure:14736: $? = 0
configure:14685: checking whether C compiler accepts -Wimplicit-function-declaration
configure:14705: gcc -c -g -O2  -Wimplicit-function-declaration  conftest.c >&5
configure:14705: $? = 0
configure:14715: result: yes
configure:14733: : WARN_CFLAGS="$WARN_CFLAGS"
configure:14736: $? = 0
configure:14685: checking whether C compiler accepts -Wold-style-definition
configure:14705: gcc -c -g -O2  -Wold-style-definition  conftest.c >&5
configure:14705: $? = 0
configure:14715: result: yes
configure:14733: : WARN_CFLAGS="$WARN_CFLAGS"
configure:14736: $? = 0
configure:14685: checking whether C compiler accepts -Wjump-misses-init
configure:14705: gcc -c -g -O2  -Wjump-misses-init  conftest.c >&5
configure:14705: $? = 0
configure:14715: result: yes
configure:14733: : WARN_CFLAGS="$WARN_CFLAGS"
configure:14736: $? = 0
configure:14767: checking whether C compiler accepts -Wall
configure:14787: gcc -c -g -O2  -Wall  conftest.c >&5
configure:14787: $? = 0
configure:14797: result: yes
configure:14815: : WARN_CFLAGS="$WARN_CFLAGS"
configure:14818: $? = 0
configure:14767: checking whether C compiler accepts -Wextra
configure:14787: gcc -c -g -O2  -Wextra  conftest.c >&5
configure:14787: $? = 0
configure:14797: result: yes
configure:14815: : WARN_CFLAGS="$WARN_CFLAGS"
configure:14818: $? = 0
configure:14767: checking whether C compiler accepts -Wundef
configure:14787: gcc -c -g -O2  -Wundef  conftest.c >&5
configure:14787: $? = 0
configure:14797: result: yes
configure:14815: : WARN_CFLAGS="$WARN_CFLAGS"
configure:14818: $? = 0
configure:14767: checking whether C compiler accepts -Wwrite-strings
configure:14787: gcc -c -g -O2  -Wwrite-strings  conftest.c >&5
configure:14787: $? = 0
configure:14797: result: yes
configure:14815: : WARN_CFLAGS="$WARN_CFLAGS"
configure:14818: $? = 0
configure:14767: checking whether C compiler accepts -Wpointer-arith
configure:14787: gcc -c -g -O2  -Wpointer-arith  conftest.c >&5
configure:14787: $? = 0
configure:14797: result: yes
configure:14815: : WARN_CFLAGS="$WARN_CFLAGS"
configure:14818: $? = 0
configure:14767: checking whether C compiler accepts -Wmissing-declarations
configure:14787: gcc -c -g -O2  -Wmissing-declarations  conftest.c >&5
configure:14787: $? = 0
configure:14797: result: yes
configure:14815: : WARN_CFLAGS="$WARN_CFLAGS"
configure:14818: $? = 0
configure:14767: checking whether C compiler accepts -Wredundant-decls
configure:14787: gcc -c -g -O2  -Wredundant-decls  conftest.c >&5
configure:14787: $? = 0
configure:14797: result: yes
configure:14815: : WARN_CFLAGS="$WARN_CFLAGS"
configure:14818: $? = 0
configure:14767: checking whether C compiler accepts -Wno-unused-parameter
configure:14787: gcc -c -g -O2  -Wno-unused-parameter  conftest.c >&5
configure:14787: $? = 0
configure:14797: result: yes
configure:14815: : WARN_CFLAGS="$WARN_CFLAGS"
configure:14818: $? = 0
configure:14767: checking whether C compiler accepts -Wno-missing-field-initializers
configure:14787: gcc -c -g -O2  -Wno-missing-field-initializers  conftest.c >&5
configure:14787: $? = 0
configure:14797: result: yes
configure:14815: : WARN_CFLAGS="$WARN_CFLAGS"
configure:14818: $? = 0
configure:14767: checking whether C compiler accepts -Wformat=2
configure:14787: gcc -c -g -O2  -Wformat=2  conftest.c >&5
configure:14787: $? = 0
configure:14797: result: yes
configure:14815: : WARN_CFLAGS="$WARN_CFLAGS"
configure:14818: $? = 0
configure:14767: checking whether C compiler accepts -Wcast-align
configure:14787: gcc -c -g -O2  -Wcast-align  conftest.c >&5
configure:14787: $? = 0
configure:14797: result: yes
configure:14815: : WARN_CFLAGS="$WARN_CFLAGS"
configure:14818: $? = 0
configure:14767: checking whether C compiler accepts -Wformat-nonliteral
configure:14787: gcc -c -g -O2  -Wformat-nonliteral  conftest.c >&5
cc1: warning: '-Wformat-nonliteral' ignored without '-Wformat' [-Wformat-nonliteral]
configure:14787: $? = 0
configure:14797: result: yes
configure:14815: : WARN_CFLAGS="$WARN_CFLAGS"
configure:14818: $? = 0
configure:14767: checking whether C compiler accepts -Wformat-security
configure:14787: gcc -c -g -O2  -Wformat-security  conftest.c >&5
cc1: warning: '-Wformat-security' ignored without '-Wformat' [-Wformat-security]
configure:14787: $? = 0
configure:14797: result: yes
configure:14815: : WARN_CFLAGS="$WARN_CFLAGS"
configure:14818: $? = 0
configure:14767: checking whether C compiler accepts -Wsign-compare
configure:14787: gcc -c -g -O2  -Wsign-compare  conftest.c >&5
configure:14787: $? = 0
configure:14797: result: yes
configure:14815: : WARN_CFLAGS="$WARN_CFLAGS"
configure:14818: $? = 0
configure:14767: checking whether C compiler accepts -Wstrict-aliasing
configure:14787: gcc -c -g -O2  -Wstrict-aliasing  conftest.c >&5
configure:14787: $? = 0
configure:14797: result: yes
configure:14815: : WARN_CFLAGS="$WARN_CFLAGS"
configure:14818: $? = 0
configure:14767: checking whether C compiler accepts -Wshadow
configure:14787: gcc -c -g -O2  -Wshadow  conftest.c >&5
configure:14787: $? = 0
configure:14797: result: yes
configure:14815: : WARN_CFLAGS="$WARN_CFLAGS"
configure:14818: $? = 0
configure:14767: checking whether C compiler accepts -Winline
configure:14787: gcc -c -g -O2  -Winline  conftest.c >&5
configure:14787: $? = 0
configure:14797: result: yes
configure:14815: : WARN_CFLAGS="$WARN_CFLAGS"
configure:14818: $? = 0
configure:14767: checking whether C compiler accepts -Wpacked
configure:14787: gcc -c -g -O2  -Wpacked  conftest.c >&5
configure:14787: $? = 0
configure:14797: result: yes
configure:14815: : WARN_CFLAGS="$WARN_CFLAGS"
configure:14818: $? = 0
configure:14767: checking whether C compiler accepts -Wmissing-format-attribute
configure:14787: gcc -c -g -O2  -Wmissing-format-attribute  conftest.c >&5
configure:14787: $? = 0
configure:14797: result: yes
configure:14815: : WARN_CFLAGS="$WARN_CFLAGS"
configure:14818: $? = 0
configure:14767: checking whether C compiler accepts -Wmissing-noreturn
configure:14787: gcc -c -g -O2  -Wmissing-noreturn  conftest.c >&5
configure:14787: $? = 0
configure:14797: result: yes
configure:14815: : WARN_CFLAGS="$WARN_CFLAGS"
configure:14818: $? = 0
configure:14767: checking whether C compiler accepts -Winit-self
configure:14787: gcc -c -g -O2  -Winit-self  conftest.c >&5
configure:14787: $? = 0
configure:14797: result: yes
configure:14815: : WARN_CFLAGS="$WARN_CFLAGS"
configure:14818: $? = 0
configure:14767: checking whether C compiler accepts -Wredundant-decls
configure:14797: result: yes
configure:14807: : WARN_CFLAGS already contains $flag
configure:14810: $? = 0
configure:14767: checking whether C compiler accepts -Wmissing-include-dirs
configure:14787: gcc -c -g -O2  -Wmissing-include-dirs  conftest.c >&5
configure:14787: $? = 0
configure:14797: result: yes
configure:14815: : WARN_CFLAGS="$WARN_CFLAGS"
configure:14818: $? = 0
configure:14767: checking whether C compiler accepts -Wunused-but-set-variable
configure:14787: gcc -c -g -O2  -Wunused-but-set-variable  conftest.c >&5
configure:14787: $? = 0
configure:14797: result: yes
configure:14815: : WARN_CFLAGS="$WARN_CFLAGS"
configure:14818: $? = 0
configure:14767: checking whether C compiler accepts -Warray-bounds
configure:14787: gcc -c -g -O2  -Warray-bounds  conftest.c >&5
configure:14787: $? = 0
configure:14797: result: yes
configure:14815: : WARN_CFLAGS="$WARN_CFLAGS"
configure:14818: $? = 0
configure:14767: checking whether C compiler accepts -Wreturn-type
configure:14787: gcc -c -g -O2  -Wreturn-type  conftest.c >&5
configure:14787: $? = 0
configure:14797: result: yes
configure:14815: : WARN_CFLAGS="$WARN_CFLAGS"
configure:14818: $? = 0
configure:14767: checking whether C compiler accepts -Wswitch-enum
configure:14787: gcc -c -g -O2  -Wswitch-enum  conftest.c >&5
configure:14787: $? = 0
configure:14797: result: yes
configure:14815: : WARN_CFLAGS="$WARN_CFLAGS"
configure:14818: $? = 0
configure:14767: checking whether C compiler accepts -Wswitch-default
configure:14787: gcc -c -g -O2  -Wswitch-default  conftest.c >&5
configure:14787: $? = 0
configure:14797: result: yes
configure:14815: : WARN_CFLAGS="$WARN_CFLAGS"
configure:14818: $? = 0
configure:14767: checking whether C compiler accepts -Wduplicated-cond
configure:14787: gcc -c -g -O2  -Wduplicated-cond  conftest.c >&5
configure:14787: $? = 0
configure:14797: result: yes
configure:14815: : WARN_CFLAGS="$WARN_CFLAGS"
configure:14818: $? = 0
configure:14767: checking whether C compiler accepts -Wduplicated-branches
configure:14787: gcc -c -g -O2  -Wduplicated-branches  conftest.c >&5
configure:14787: $? = 0
configure:14797: result: yes
configure:14815: : WARN_CFLAGS="$WARN_CFLAGS"
configure:14818: $? = 0
configure:14767: checking whether C compiler accepts -Wlogical-op
configure:14787: gcc -c -g -O2  -Wlogical-op  conftest.c >&5
configure:14787: $? = 0
configure:14797: result: yes
configure:14815: : WARN_CFLAGS="$WARN_CFLAGS"
configure:14818: $? = 0
configure:14767: checking whether C compiler accepts -Wrestrict
configure:14787: gcc -c -g -O2  -Wrestrict  conftest.c >&5
configure:14787: $? = 0
configure:14797: result: yes
configure:14815: : WARN_CFLAGS="$WARN_CFLAGS"
configure:14818: $? = 0
configure:14767: checking whether C compiler accepts -Wnull-dereference
configure:14787: gcc -c -g -O2  -Wnull-dereference  conftest.c >&5
configure:14787: $? = 0
configure:14797: result: yes
configure:14815: : WARN_CFLAGS="$WARN_CFLAGS"
configure:14818: $? = 0
configure:14767: checking whether C compiler accepts -Wdouble-promotion
configure:14787: gcc -c -g -O2  -Wdouble-promotion  conftest.c >&5
configure:14787: $? = 0
configure:14797: result: yes
configure:14815: : WARN_CFLAGS="$WARN_CFLAGS"
configure:14818: $? = 0
configure:14982: checking whether C compiler accepts -Wno-error=declaration-after-statement
configure:15002: gcc -c -g -O2  -Wno-error=declaration-after-statement  conftest.c >&5
configure:15002: $? = 0
configure:15012: result: yes
configure:15030: : WARN_CFLAGS="$WARN_CFLAGS"
configure:15033: $? = 0
configure:14982: checking whether C compiler accepts -Wno-error=duplicated-branches
configure:15002: gcc -c -g -O2  -Wno-error=duplicated-branches  conftest.c >&5
configure:15002: $? = 0
configure:15012: result: yes
configure:15030: : WARN_CFLAGS="$WARN_CFLAGS"
configure:15033: $? = 0
configure:14982: checking whether C compiler accepts -Wno-error=inline
configure:15002: gcc -c -g -O2  -Wno-error=inline  conftest.c >&5
configure:15002: $? = 0
configure:15012: result: yes
configure:15030: : WARN_CFLAGS="$WARN_CFLAGS"
configure:15033: $? = 0
configure:14982: checking whether C compiler accepts -Wno-error=redundant-decls
configure:15002: gcc -c -g -O2  -Wno-error=redundant-decls  conftest.c >&5
configure:15002: $? = 0
configure:15012: result: yes
configure:15030: : WARN_CFLAGS="$WARN_CFLAGS"
configure:15033: $? = 0
configure:14982: checking whether C compiler accepts -Wno-error=switch-default
configure:15002: gcc -c -g -O2  -Wno-error=switch-default  conftest.c >&5
configure:15002: $? = 0
configure:15012: result: yes
configure:15030: : WARN_CFLAGS="$WARN_CFLAGS"
configure:15033: $? = 0
configure:14982: checking whether C compiler accepts -Wno-error=write-strings
configure:15002: gcc -c -g -O2  -Wno-error=write-strings  conftest.c >&5
configure:15002: $? = 0
configure:15012: result: yes
configure:15030: : WARN_CFLAGS="$WARN_CFLAGS"
configure:15033: $? = 0
configure:14982: checking whether C compiler accepts -Wno-error=unused-parameter
configure:15002: gcc -c -g -O2  -Wno-error=unused-parameter  conftest.c >&5
configure:15002: $? = 0
configure:15012: result: yes
configure:15030: : WARN_CFLAGS="$WARN_CFLAGS"
configure:15033: $? = 0
configure:14982: checking whether C compiler accepts -Wno-error=missing-field-initializers
configure:15002: gcc -c -g -O2  -Wno-error=missing-field-initializers  conftest.c >&5
configure:15002: $? = 0
configure:15012: result: yes
configure:15030: : WARN_CFLAGS="$WARN_CFLAGS"
configure:15033: $? = 0
configure:15090: checking whether C compiler accepts -Werror=unknown-warning-option
configure:15119: result: no
configure:15133: checking whether the linker accepts -Wl,--as-needed
configure:15153: gcc -o conftest -g -O2    -Wl,--as-needed conftest.c  >&5
configure:15153: $? = 0
configure:15163: result: yes
configure:15174: checking whether the linker accepts -Wl,--as-needed
configure:15194: gcc -o conftest -g -O2    -Wl,--as-needed conftest.c  >&5
configure:15194: $? = 0
configure:15205: result: yes
configure:15234: : AM_LDFLAGS="$AM_LDFLAGS"
configure:15237: $? = 0
configure:15253: checking whether the linker accepts -Wl,-z,relro
configure:15273: gcc -o conftest -g -O2    -Wl,-z,relro conftest.c  >&5
configure:15273: $? = 0
configure:15283: result: yes
configure:15294: checking whether the linker accepts -Wl,-z,relro
configure:15314: gcc -o conftest -g -O2    -Wl,-z,relro conftest.c  >&5
configure:15314: $? = 0
configure:15325: result: yes
configure:15343: : AM_LDFLAGS="$AM_LDFLAGS"
configure:15346: $? = 0
configure:15373: checking whether the linker accepts -Wl,-z,now
configure:15393: gcc -o conftest -g -O2    -Wl,-z,now conftest.c  >&5
configure:15393: $? = 0
configure:15403: result: yes
configure:15414: checking whether the linker accepts -Wl,-z,now
configure:15434: gcc -o conftest -g -O2    -Wl,-z,now conftest.c  >&5
configure:15434: $? = 0
configure:15445: result: yes
configure:15463: : AM_LDFLAGS="$AM_LDFLAGS"
configure:15466: $? = 0
configure:15493: checking whether the linker accepts -Wl,-z,noexecstack
configure:15513: gcc -o conftest -g -O2    -Wl,-z,noexecstack conftest.c  >&5
configure:15513: $? = 0
configure:15523: result: yes
configure:15534: checking whether the linker accepts -Wl,-z,noexecstack
configure:15554: gcc -o conftest -g -O2    -Wl,-z,noexecstack conftest.c  >&5
configure:15554: $? = 0
configure:15565: result: yes
configure:15583: : AM_LDFLAGS="$AM_LDFLAGS"
configure:15586: $? = 0
configure:15616: checking whether the linker accepts -Wl,--no-as-needed
configure:15636: gcc -o conftest -g -O2    -Wl,--no-as-needed conftest.c  >&5
configure:15636: $? = 0
configure:15646: result: yes
configure:15662: checking whether the linker accepts -Wl,--fatal-warnings
configure:15682: gcc -o conftest -g -O2    -Wl,--fatal-warnings conftest.c  >&5
configure:15682: $? = 0
configure:15692: result: yes
configure:15703: checking whether the linker accepts -Wl,-fatal_warnings
configure:15723: gcc -o conftest -g -O2    -Wl,-fatal_warnings conftest.c  >&5
/usr/bin/ld: -f may not be used without -shared
collect2: error: ld returned 1 exit status
configure:15723: $? = 1
configure: failed program was:
| /* confdefs.h */
| #define PACKAGE_NAME "dbus-python"
| #define PACKAGE_TARNAME "dbus-python"
| #define PACKAGE_VERSION "1.3.2"
| #define PACKAGE_STRING "dbus-python 1.3.2"
| #define PACKAGE_BUGREPORT "https://gitlab.freedesktop.org/dbus/dbus-python/-/issues/new"
| #define PACKAGE_URL ""
| #define HAVE_STDIO_H 1
| #define HAVE_STDLIB_H 1
| #define HAVE_STRING_H 1
| #define HAVE_INTTYPES_H 1
| #define HAVE_STDINT_H 1
| #define HAVE_STRINGS_H 1
| #define HAVE_SYS_STAT_H 1
| #define HAVE_SYS_TYPES_H 1
| #define HAVE_UNISTD_H 1
| #define HAVE_WCHAR_H 1
| #define STDC_HEADERS 1
| #define _ALL_SOURCE 1
| #define _DARWIN_C_SOURCE 1
| #define _GNU_SOURCE 1
| #define _HPUX_ALT_XOPEN_SOCKET_API 1
| #define _NETBSD_SOURCE 1
| #define _OPENBSD_SOURCE 1
| #define _POSIX_PTHREAD_SEMANTICS 1
| #define __STDC_WANT_IEC_60559_ATTRIBS_EXT__ 1
| #define __STDC_WANT_IEC_60559_BFP_EXT__ 1
| #define __STDC_WANT_IEC_60559_DFP_EXT__ 1
| #define __STDC_WANT_IEC_60559_FUNCS_EXT__ 1
| #define __STDC_WANT_IEC_60559_TYPES_EXT__ 1
| #define __STDC_WANT_LIB_EXT2__ 1
| #define __STDC_WANT_MATH_SPEC_FUNCS__ 1
| #define _TANDEM_SOURCE 1
| #define __EXTENSIONS__ 1
| #define PACKAGE "dbus-python"
| #define VERSION "1.3.2"
| #define HAVE_DLFCN_H 1
| #define LT_OBJDIR ".libs/"
| #define HAVE_PYTHON "3.12"
| /* end confdefs.h.  */
| 
| int
| main (void)
| {
| 
|   ;
|   return 0;
| }
configure:15733: result: no
configure:15752: checking whether the linker accepts -Wl,--no-as-needed
configure:15772: gcc -o conftest -g -O2    -Wl,--no-as-needed conftest.c  >&5
configure:15772: $? = 0
configure:15783: result: yes
configure:15812: : WARN_LDFLAGS="$WARN_LDFLAGS"
configure:15815: $? = 0
configure:16040: : WARN_SCANNERFLAGS="$WARN_SCANNERFLAGS"
configure:16043: $? = 0
configure:16067: : WARN_SCANNERFLAGS="$WARN_SCANNERFLAGS"
configure:16070: $? = 0
configure:16260: checking that generated files are newer than configure
configure:16266: result: done
configure:16301: creating ./config.status

## ---------------------- ##
## Running config.status. ##
## ---------------------- ##

This file was extended by dbus-python config.status 1.3.2, which was
generated by GNU Autoconf 2.71.  Invocation command line was

  CONFIG_FILES    = 
  CONFIG_HEADERS  = 
  CONFIG_LINKS    = 
  CONFIG_COMMANDS = 
  $ ./config.status 

on localhost

config.status:1145: creating Makefile
config.status:1145: creating dbus-python.pc
config.status:1145: creating subprojects/dbus-gmain/Makefile
config.status:1145: creating config.h
config.status:1374: executing depfiles commands
config.status:1451: cd .       && sed -e '/# am--include-marker/d' Makefile         | make -f - am--depfiles
config.status:1456: $? = 0
config.status:1451: cd subprojects/dbus-gmain       && sed -e '/# am--include-marker/d' Makefile         | make -f - am--depfiles
config.status:1456: $? = 0
config.status:1374: executing libtool commands

## ---------------- ##
## Cache variables. ##
## ---------------- ##

ac_cv_build=x86_64-pc-linux-gnu
ac_cv_c_compiler_gnu=yes
ac_cv_c_inline=inline
ac_cv_env_CC_set=
ac_cv_env_CC_value=
ac_cv_env_CFLAGS_set=
ac_cv_env_CFLAGS_value=
ac_cv_env_CPPFLAGS_set=
ac_cv_env_CPPFLAGS_value=
ac_cv_env_DBUS_CFLAGS_set=
ac_cv_env_DBUS_CFLAGS_value=
ac_cv_env_DBUS_LIBS_set=
ac_cv_env_DBUS_LIBS_value=
ac_cv_env_DBUS_RUN_SESSION_set=
ac_cv_env_DBUS_RUN_SESSION_value=
ac_cv_env_GLIB_CFLAGS_set=
ac_cv_env_GLIB_CFLAGS_value=
ac_cv_env_GLIB_LIBS_set=
ac_cv_env_GLIB_LIBS_value=
ac_cv_env_LDFLAGS_set=
ac_cv_env_LDFLAGS_value=
ac_cv_env_LIBS_set=
ac_cv_env_LIBS_value=
ac_cv_env_LT_SYS_LIBRARY_PATH_set=
ac_cv_env_LT_SYS_LIBRARY_PATH_value=
ac_cv_env_PKG_CONFIG_LIBDIR_set=
ac_cv_env_PKG_CONFIG_LIBDIR_value=
ac_cv_env_PKG_CONFIG_PATH_set=set
ac_cv_env_PKG_CONFIG_PATH_value=/usr/lib64/pkgconfig:
ac_cv_env_PKG_CONFIG_set=
ac_cv_env_PKG_CONFIG_value=
ac_cv_env_PYTHON_CPPFLAGS_set=
ac_cv_env_PYTHON_CPPFLAGS_value=
ac_cv_env_PYTHON_EXTRA_LDFLAGS_set=
ac_cv_env_PYTHON_EXTRA_LDFLAGS_value=
ac_cv_env_PYTHON_EXTRA_LIBS_set=
ac_cv_env_PYTHON_EXTRA_LIBS_value=
ac_cv_env_PYTHON_INCLUDES_set=
ac_cv_env_PYTHON_INCLUDES_value=
ac_cv_env_PYTHON_LIBS_set=
ac_cv_env_PYTHON_LIBS_value=
ac_cv_env_PYTHON_VERSION_set=
ac_cv_env_PYTHON_VERSION_value=
ac_cv_env_PYTHON_set=
ac_cv_env_PYTHON_value=
ac_cv_env_build_alias_set=
ac_cv_env_build_alias_value=
ac_cv_env_host_alias_set=
ac_cv_env_host_alias_value=
ac_cv_env_target_alias_set=
ac_cv_env_target_alias_value=
ac_cv_header_dlfcn_h=yes
ac_cv_header_inttypes_h=yes
ac_cv_header_minix_config_h=no
ac_cv_header_stdint_h=yes
ac_cv_header_stdio_h=yes
ac_cv_header_stdlib_h=yes
ac_cv_header_string_h=yes
ac_cv_header_strings_h=yes
ac_cv_header_sys_stat_h=yes
ac_cv_header_sys_types_h=yes
ac_cv_header_unistd_h=yes
ac_cv_header_wchar_h=yes
ac_cv_host=x86_64-pc-linux-gnu
ac_cv_objext=o
ac_cv_path_DBUS_RUN_SESSION=/usr/bin/dbus-run-session
ac_cv_path_EGREP='/usr/bin/grep -E'
ac_cv_path_FGREP='/usr/bin/grep -F'
ac_cv_path_GREP=/usr/bin/grep
ac_cv_path_PYTHON=/usr/bin/python3
ac_cv_path_SED=/usr/bin/sed
ac_cv_path_ac_pt_PKG_CONFIG=/usr/bin/pkg-config
ac_cv_path_install='/usr/bin/install -c'
ac_cv_path_lt_DD=/usr/bin/dd
ac_cv_path_mkdir=/usr/bin/mkdir
ac_cv_prog_AWK=gawk
ac_cv_prog_ac_ct_AR=ar
ac_cv_prog_ac_ct_CC=gcc
ac_cv_prog_ac_ct_FILECMD=file
ac_cv_prog_ac_ct_OBJDUMP=objdump
ac_cv_prog_ac_ct_RANLIB=ranlib
ac_cv_prog_ac_ct_STRIP=strip
ac_cv_prog_cc_c11=
ac_cv_prog_cc_g=yes
ac_cv_prog_cc_stdc=
ac_cv_prog_make_make_set=yes
ac_cv_safe_to_define___extensions__=yes
ac_cv_should_define__xopen_source=no
am_cv_CC_dependencies_compiler_type=gcc3
am_cv_make_support_nested_variables=yes
am_cv_prog_cc_c_o=yes
am_cv_prog_tar_ustar=gnutar
am_cv_python_platform=linux
am_cv_python_pyexecdir='${PYTHON_EXEC_PREFIX}/lib/python3.12/site-packages'
am_cv_python_pythondir='${PYTHON_PREFIX}/lib/python3.12/site-packages'
am_cv_python_version=3.12
ax_cv_check_cflags__Wall=yes
ax_cv_check_cflags__Warray_bounds=yes
ax_cv_check_cflags__Wcast_align=yes
ax_cv_check_cflags__Wdeclaration_after_statement=yes
ax_cv_check_cflags__Wdeprecated_declarations=yes
ax_cv_check_cflags__Wdouble_promotion=yes
ax_cv_check_cflags__Wduplicated_branches=yes
ax_cv_check_cflags__Wduplicated_cond=yes
ax_cv_check_cflags__Wextra=yes
ax_cv_check_cflags__Wformat_2=yes
ax_cv_check_cflags__Wformat_nonliteral=yes
ax_cv_check_cflags__Wformat_security=yes
ax_cv_check_cflags__Wimplicit_function_declaration=yes
ax_cv_check_cflags__Winit_self=yes
ax_cv_check_cflags__Winline=yes
ax_cv_check_cflags__Wjump_misses_init=yes
ax_cv_check_cflags__Wlogical_op=yes
ax_cv_check_cflags__Wmissing_declarations=yes
ax_cv_check_cflags__Wmissing_format_attribute=yes
ax_cv_check_cflags__Wmissing_include_dirs=yes
ax_cv_check_cflags__Wmissing_noreturn=yes
ax_cv_check_cflags__Wmissing_prototypes=yes
ax_cv_check_cflags__Wnested_externs=yes
ax_cv_check_cflags__Wno_declaration_after_statement=yes
ax_cv_check_cflags__Wno_duplicated_branches=yes
ax_cv_check_cflags__Wno_error_declaration_after_statement=yes
ax_cv_check_cflags__Wno_error_duplicated_branches=yes
ax_cv_check_cflags__Wno_error_inline=yes
ax_cv_check_cflags__Wno_error_missing_field_initializers=yes
ax_cv_check_cflags__Wno_error_redundant_decls=yes
ax_cv_check_cflags__Wno_error_switch_default=yes
ax_cv_check_cflags__Wno_error_unused_parameter=yes
ax_cv_check_cflags__Wno_error_write_strings=yes
ax_cv_check_cflags__Wno_inline=yes
ax_cv_check_cflags__Wno_missing_field_initializers=yes
ax_cv_check_cflags__Wno_redundant_decls=yes
ax_cv_check_cflags__Wno_switch_default=yes
ax_cv_check_cflags__Wno_unused_parameter=yes
ax_cv_check_cflags__Wno_write_strings=yes
ax_cv_check_cflags__Wnull_dereference=yes
ax_cv_check_cflags__Wold_style_definition=yes
ax_cv_check_cflags__Wpacked=yes
ax_cv_check_cflags__Wpointer_arith=yes
ax_cv_check_cflags__Wredundant_decls=yes
ax_cv_check_cflags__Wrestrict=yes
ax_cv_check_cflags__Wreturn_type=yes
ax_cv_check_cflags__Wshadow=yes
ax_cv_check_cflags__Wsign_compare=yes
ax_cv_check_cflags__Wstrict_aliasing=yes
ax_cv_check_cflags__Wstrict_prototypes=yes
ax_cv_check_cflags__Wswitch_default=yes
ax_cv_check_cflags__Wswitch_enum=yes
ax_cv_check_cflags__Wundef=yes
ax_cv_check_cflags__Wunused_but_set_variable=yes
ax_cv_check_cflags__Wwrite_strings=yes
ax_cv_check_cflags___Werror_unknown_warning_option=no
ax_cv_check_cflags___Wno_suggest_attribute_format=yes
ax_cv_check_cflags__fno_strict_aliasing=yes
ax_cv_check_ldflags__Wl___as_needed=yes
ax_cv_check_ldflags__Wl___no_as_needed=yes
ax_cv_check_ldflags__Wl__z_noexecstack=yes
ax_cv_check_ldflags__Wl__z_now=yes
ax_cv_check_ldflags__Wl__z_relro=yes
ax_cv_check_ldflags___Wl___as_needed=yes
ax_cv_check_ldflags___Wl___fatal_warnings=yes
ax_cv_check_ldflags___Wl___no_as_needed=yes
ax_cv_check_ldflags___Wl__fatal_warnings=no
ax_cv_check_ldflags___Wl__z_noexecstack=yes
ax_cv_check_ldflags___Wl__z_now=yes
ax_cv_check_ldflags___Wl__z_relro=yes
lt_cv_ar_at_file=@
lt_cv_archive_cmds_need_lc=no
lt_cv_deplibs_check_method=pass_all
lt_cv_file_magic_cmd='$MAGIC_CMD'
lt_cv_file_magic_test_file=
lt_cv_ld_reload_flag=-r
lt_cv_nm_interface='BSD nm'
lt_cv_objdir=.libs
lt_cv_path_LD=/usr/bin/ld
lt_cv_path_NM='/usr/bin/nm -B'
lt_cv_path_mainfest_tool=no
lt_cv_prog_compiler_c_o=yes
lt_cv_prog_compiler_pic='-fPIC -DPIC'
lt_cv_prog_compiler_pic_works=yes
lt_cv_prog_compiler_rtti_exceptions=no
lt_cv_prog_compiler_static_works=yes
lt_cv_prog_gnu_ld=yes
lt_cv_sharedlib_from_linklib_cmd='printf %s\n'
lt_cv_shlibpath_overrides_runpath=yes
lt_cv_sys_global_symbol_pipe='/usr/bin/sed -n -e '\''s/^.*[	 ]\([ABCDGIRSTW][ABCDGIRSTW]*\)[	 ][	 ]*\([_A-Za-z][_A-Za-z0-9]*\)$/\1 \2 \2/p'\'' | /usr/bin/sed '\''/ __gnu_lto/d'\'''
lt_cv_sys_global_symbol_to_c_name_address='/usr/bin/sed -n -e '\''s/^: \(.*\) .*$/  {"\1", (void *) 0},/p'\'' -e '\''s/^[ABCDGIRSTW][ABCDGIRSTW]* .* \(.*\)$/  {"\1", (void *) \&\1},/p'\'''
lt_cv_sys_global_symbol_to_c_name_address_lib_prefix='/usr/bin/sed -n -e '\''s/^: \(.*\) .*$/  {"\1", (void *) 0},/p'\'' -e '\''s/^[ABCDGIRSTW][ABCDGIRSTW]* .* \(lib.*\)$/  {"\1", (void *) \&\1},/p'\'' -e '\''s/^[ABCDGIRSTW][ABCDGIRSTW]* .* \(.*\)$/  {"lib\1", (void *) \&\1},/p'\'''
lt_cv_sys_global_symbol_to_cdecl='/usr/bin/sed -n -e '\''s/^T .* \(.*\)$/extern int \1();/p'\'' -e '\''s/^[ABCDGIRSTW][ABCDGIRSTW]* .* \(.*\)$/extern char \1;/p'\'''
lt_cv_sys_global_symbol_to_import=
lt_cv_sys_max_cmd_len=1572864
lt_cv_to_host_file_cmd=func_convert_file_noop
lt_cv_to_tool_file_cmd=func_convert_file_noop
lt_cv_truncate_bin='/usr/bin/dd bs=4096 count=1'
pkg_cv_DBUS_CFLAGS='-I/usr/include/dbus-1.0 -I/usr/lib/dbus-1.0/include'
pkg_cv_DBUS_LIBS=-ldbus-1
pkg_cv_GLIB_CFLAGS='-I/usr/include/glib-2.0 -I/usr/lib64/glib-2.0/include'
pkg_cv_GLIB_LIBS='-L/usr/lib64 -lglib-2.0'

## ----------------- ##
## Output variables. ##
## ----------------- ##

ACLOCAL='${SHELL} '\''/root/Shell-main/LFS-Shell/dbus-python-1.3.2/build-aux/missing'\'' aclocal-1.16'
AMDEPBACKSLASH='\'
AMDEP_FALSE='#'
AMDEP_TRUE=''
AMTAR='$${TAR-tar}'
AM_BACKSLASH='\'
AM_DEFAULT_V='$(AM_DEFAULT_VERBOSITY)'
AM_DEFAULT_VERBOSITY='1'
AM_V='$(V)'
AR='ar'
AUTOCONF='${SHELL} '\''/root/Shell-main/LFS-Shell/dbus-python-1.3.2/build-aux/missing'\'' autoconf'
AUTOHEADER='${SHELL} '\''/root/Shell-main/LFS-Shell/dbus-python-1.3.2/build-aux/missing'\'' autoheader'
AUTOMAKE='${SHELL} '\''/root/Shell-main/LFS-Shell/dbus-python-1.3.2/build-aux/missing'\'' automake-1.16'
AWK='gawk'
CC='gcc'
CCDEPMODE='depmode=gcc3'
CFLAGS='-g -O2'
CPPFLAGS=''
CSCOPE='cscope'
CTAGS='ctags'
CYGPATH_W='echo'
DBUS_CFLAGS='-I/usr/include/dbus-1.0 -I/usr/lib/dbus-1.0/include'
DBUS_LIBS='-ldbus-1'
DBUS_RUN_SESSION='/usr/bin/dbus-run-session'
DEFS='-DHAVE_CONFIG_H'
DEPDIR='.deps'
DLLTOOL='false'
DSYMUTIL=''
DUMPBIN=''
ECHO_C=''
ECHO_N='-n'
ECHO_T=''
EGREP='/usr/bin/grep -E'
ENABLE_DOCUMENTATION_FALSE=''
ENABLE_DOCUMENTATION_TRUE='#'
ENABLE_INSTALLED_TESTS_FALSE=''
ENABLE_INSTALLED_TESTS_TRUE='#'
ETAGS='etags'
EXEEXT=''
FGREP='/usr/bin/grep -F'
FILECMD='file'
GLIB_CFLAGS='-I/usr/include/glib-2.0 -I/usr/lib64/glib-2.0/include'
GLIB_LIBS='-L/usr/lib64 -lglib-2.0'
GREP='/usr/bin/grep'
INSTALL_DATA='${INSTALL} -m 644'
INSTALL_PROGRAM='${INSTALL}'
INSTALL_SCRIPT='${INSTALL}'
INSTALL_STRIP_PROGRAM='$(install_sh) -c -s'
LD='/usr/bin/ld -m elf_x86_64'
LDFLAGS=''
LIBOBJS=''
LIBS=''
LIBTOOL='$(SHELL) $(top_builddir)/libtool'
LIPO=''
LN_S='ln -s'
LTLIBOBJS=''
LT_SYS_LIBRARY_PATH=''
MAINT=''
MAINTAINER_MODE_FALSE='#'
MAINTAINER_MODE_TRUE=''
MAKEINFO='${SHELL} '\''/root/Shell-main/LFS-Shell/dbus-python-1.3.2/build-aux/missing'\'' makeinfo'
MANIFEST_TOOL=':'
MKDIR_P='/usr/bin/mkdir -p'
NM='/usr/bin/nm -B'
NMEDIT=''
OBJDUMP='objdump'
OBJEXT='o'
OTOOL64=''
OTOOL=''
PACKAGE='dbus-python'
PACKAGE_BUGREPORT='https://gitlab.freedesktop.org/dbus/dbus-python/-/issues/new'
PACKAGE_NAME='dbus-python'
PACKAGE_STRING='dbus-python 1.3.2'
PACKAGE_TARNAME='dbus-python'
PACKAGE_URL=''
PACKAGE_VERSION='1.3.2'
PATH_SEPARATOR=':'
PKG_CONFIG='/usr/bin/pkg-config'
PKG_CONFIG_LIBDIR=''
PKG_CONFIG_PATH='/usr/lib64/pkgconfig:'
PLATFORM='linux-x86_64'
PYTHON='/usr/bin/python3'
PYTHON_CPPFLAGS='-I/usr/include/python3.12'
PYTHON_EXEC_PREFIX='${exec_prefix}'
PYTHON_EXTRA_LDFLAGS='-Xlinker -export-dynamic'
PYTHON_EXTRA_LIBS='-ldl -lm'
PYTHON_INCLUDES=''
PYTHON_LIBS='-L/usr/lib -lpython3.12'
PYTHON_PLATFORM='linux'
PYTHON_PLATFORM_SITE_PKG='/usr/lib/python3.12/site-packages'
PYTHON_PREFIX='${prefix}'
PYTHON_SITE_PKG='/usr/lib/python3.12/site-packages'
PYTHON_VERSION='3.12'
RANLIB='ranlib'
SED='/usr/bin/sed'
SET_MAKE=''
SHELL='/bin/sh'
STRIP='strip'
VERSION='1.3.2'
WARN_CFLAGS='-fno-strict-aliasing -Wdeprecated-declarations -Wno-declaration-after-statement -Wno-duplicated-branches -Wno-inline -Wno-redundant-decls -Wno-switch-default -Wno-write-strings -Wnested-externs -Wmissing-prototypes -Wstrict-prototypes  -Wimplicit-function-declaration -Wold-style-definition -Wjump-misses-init -Wall -Wextra -Wundef  -Wpointer-arith -Wmissing-declarations  -Wno-unused-parameter -Wno-missing-field-initializers -Wformat=2 -Wcast-align -Wformat-nonliteral -Wformat-security -Wsign-compare -Wstrict-aliasing -Wshadow  -Wpacked -Wmissing-format-attribute -Wmissing-noreturn -Winit-self -Wmissing-include-dirs -Wunused-but-set-variable -Warray-bounds -Wreturn-type -Wswitch-enum  -Wduplicated-cond  -Wlogical-op -Wrestrict -Wnull-dereference -Wdouble-promotion -Wno-error=declaration-after-statement -Wno-error=duplicated-branches -Wno-error=inline -Wno-error=redundant-decls -Wno-error=switch-default -Wno-error=write-strings -Wno-error=unused-parameter -Wno-error=missing-field-initializers'
WARN_LDFLAGS='-Wl,--no-as-needed'
WARN_SCANNERFLAGS='              --warn-all                                                             '
WINDOWS_FALSE=''
WINDOWS_TRUE='#'
ac_ct_AR='ar'
ac_ct_CC='gcc'
ac_ct_DUMPBIN=''
am__EXEEXT_FALSE=''
am__EXEEXT_TRUE='#'
am__fastdepCC_FALSE='#'
am__fastdepCC_TRUE=''
am__include='include'
am__isrc=''
am__leading_dot='.'
am__nodep='_no'
am__quote=''
am__tar='tar --format=ustar -chf - "$$tardir"'
am__untar='tar -xf -'
bindir='${exec_prefix}/bin'
build='x86_64-pc-linux-gnu'
build_alias=''
build_cpu='x86_64'
build_os='linux-gnu'
build_vendor='pc'
datadir='${datarootdir}'
datarootdir='${prefix}/share'
docdir='${datarootdir}/doc/${PACKAGE_TARNAME}'
dvidir='${docdir}'
exec_prefix='${prefix}'
host='x86_64-pc-linux-gnu'
host_alias=''
host_cpu='x86_64'
host_os='linux-gnu'
host_vendor='pc'
htmldir='${docdir}'
includedir='${prefix}/include'
infodir='${datarootdir}/info'
install_sh='${SHELL} /root/Shell-main/LFS-Shell/dbus-python-1.3.2/build-aux/install-sh'
libdir='${exec_prefix}/lib'
libexecdir='${exec_prefix}/libexec'
localedir='${datarootdir}/locale'
localstatedir='${prefix}/var'
mandir='${datarootdir}/man'
mkdir_p='$(MKDIR_P)'
oldincludedir='/usr/include'
pdfdir='${docdir}'
pkgpyexecdir='${pyexecdir}/dbus-python'
pkgpythondir='${pythondir}/dbus-python'
prefix='/usr'
program_transform_name='s,x,x,'
psdir='${docdir}'
pyexecdir='${PYTHON_EXEC_PREFIX}/lib/python3.12/site-packages'
pythondir='${PYTHON_PREFIX}/lib/python3.12/site-packages'
runstatedir='${localstatedir}/run'
sbindir='${exec_prefix}/sbin'
sharedstatedir='${prefix}/com'
sysconfdir='${prefix}/etc'
target_alias=''

## ----------- ##
## confdefs.h. ##
## ----------- ##

/* confdefs.h */
#define PACKAGE_NAME "dbus-python"
#define PACKAGE_TARNAME "dbus-python"
#define PACKAGE_VERSION "1.3.2"
#define PACKAGE_STRING "dbus-python 1.3.2"
#define PACKAGE_BUGREPORT "https://gitlab.freedesktop.org/dbus/dbus-python/-/issues/new"
#define PACKAGE_URL ""
#define HAVE_STDIO_H 1
#define HAVE_STDLIB_H 1
#define HAVE_STRING_H 1
#define HAVE_INTTYPES_H 1
#define HAVE_STDINT_H 1
#define HAVE_STRINGS_H 1
#define HAVE_SYS_STAT_H 1
#define HAVE_SYS_TYPES_H 1
#define HAVE_UNISTD_H 1
#define HAVE_WCHAR_H 1
#define STDC_HEADERS 1
#define _ALL_SOURCE 1
#define _DARWIN_C_SOURCE 1
#define _GNU_SOURCE 1
#define _HPUX_ALT_XOPEN_SOCKET_API 1
#define _NETBSD_SOURCE 1
#define _OPENBSD_SOURCE 1
#define _POSIX_PTHREAD_SEMANTICS 1
#define __STDC_WANT_IEC_60559_ATTRIBS_EXT__ 1
#define __STDC_WANT_IEC_60559_BFP_EXT__ 1
#define __STDC_WANT_IEC_60559_DFP_EXT__ 1
#define __STDC_WANT_IEC_60559_FUNCS_EXT__ 1
#define __STDC_WANT_IEC_60559_TYPES_EXT__ 1
#define __STDC_WANT_LIB_EXT2__ 1
#define __STDC_WANT_MATH_SPEC_FUNCS__ 1
#define _TANDEM_SOURCE 1
#define __EXTENSIONS__ 1
#define PACKAGE "dbus-python"
#define VERSION "1.3.2"
#define HAVE_DLFCN_H 1
#define LT_OBJDIR ".libs/"
#define HAVE_PYTHON "3.12"

configure: exit 0
