This file contains any messages produced by compilers while
running configure, to aid debugging if configure makes a mistake.

It was created by dbus-python configure 1.2.16, which was
generated by GNU Autoconf 2.69.  Invocation command line was

  $ ./configure --prefix=/usr

## --------- ##
## Platform. ##
## --------- ##

hostname = localhost
uname -m = x86_64
uname -r = 6.10.5
uname -s = Linux
uname -v = #1 SMP PREEMPT_DYNAMIC Wed Dec  4 14:40:00 -03 2024

/usr/bin/uname -p = unknown
/bin/uname -X     = unknown

/bin/arch              = unknown
/usr/bin/arch -k       = unknown
/usr/convex/getsysinfo = unknown
/usr/bin/hostinfo      = unknown
/bin/machine           = unknown
/usr/bin/oslevel       = unknown
/bin/universe          = unknown

PATH: /usr/sbin
PATH: /usr/bin
PATH: /usr/local/bin


## ----------- ##
## Core tests. ##
## ----------- ##

configure:2342: checking whether make supports nested variables
configure:2359: result: yes
configure:2406: checking whether to enable maintainer-specific portions of Makefiles
configure:2415: result: yes
configure:2512: checking for gcc
configure:2528: found /usr/bin/gcc
configure:2539: result: gcc
configure:2768: checking for C compiler version
configure:2777: gcc --version >&5
gcc (GCC) 14.2.0
Copyright (C) 2024 Free Software Foundation, Inc.
This is free software; see the source for copying conditions.  There is NO
warranty; not even for MERCHANTABILITY or FITNESS FOR A PARTICULAR PURPOSE.

configure:2788: $? = 0
configure:2777: gcc -v >&5
Using built-in specs.
COLLECT_GCC=gcc
COLLECT_LTO_WRAPPER=/usr/libexec/gcc/x86_64-pc-linux-gnu/14.2.0/lto-wrapper
Target: x86_64-pc-linux-gnu
Configured with: ../configure --prefix=/usr LD=ld --enable-languages=c,c++ --enable-default-pie --enable-default-ssp --enable-host-pie --disable-multilib --disable-bootstrap --disable-fixincludes --with-system-zlib
Thread model: posix
Supported LTO compression algorithms: zlib zstd
gcc version 14.2.0 (GCC) 
configure:2788: $? = 0
configure:2777: gcc -V >&5
gcc: error: unrecognized command-line option '-V'
gcc: fatal error: no input files
compilation terminated.
configure:2788: $? = 1
configure:2777: gcc -qversion >&5
gcc: error: unrecognized command-line option '-qversion'; did you mean '--version'?
gcc: fatal error: no input files
compilation terminated.
configure:2788: $? = 1
configure:2808: checking whether the C compiler works
configure:2830: gcc    conftest.c  >&5
configure:2834: $? = 0
configure:2882: result: yes
configure:2885: checking for C compiler default output file name
configure:2887: result: a.out
configure:2893: checking for suffix of executables
configure:2900: gcc -o conftest    conftest.c  >&5
configure:2904: $? = 0
configure:2926: result: 
configure:2948: checking whether we are cross compiling
configure:2956: gcc -o conftest    conftest.c  >&5
configure:2960: $? = 0
configure:2967: ./conftest
configure:2971: $? = 0
configure:2986: result: no
configure:2991: checking for suffix of object files
configure:3013: gcc -c   conftest.c >&5
configure:3017: $? = 0
configure:3038: result: o
configure:3042: checking whether we are using the GNU C compiler
configure:3061: gcc -c   conftest.c >&5
configure:3061: $? = 0
configure:3070: result: yes
configure:3079: checking whether gcc accepts -g
configure:3099: gcc -c -g  conftest.c >&5
configure:3099: $? = 0
configure:3140: result: yes
configure:3157: checking for gcc option to accept ISO C89
configure:3220: gcc  -c -g -O2  conftest.c >&5
configure:3220: $? = 0
configure:3233: result: none needed
configure:3258: checking whether gcc understands -c and -o together
configure:3280: gcc -c conftest.c -o conftest2.o
configure:3283: $? = 0
configure:3280: gcc -c conftest.c -o conftest2.o
configure:3283: $? = 0
configure:3295: result: yes
configure:3318: checking how to run the C preprocessor
configure:3349: gcc -E  conftest.c
configure:3349: $? = 0
configure:3363: gcc -E  conftest.c
conftest.c:12:10: fatal error: ac_nonexistent.h: No such file or directory
   12 | #include <ac_nonexistent.h>
      |          ^~~~~~~~~~~~~~~~~~
compilation terminated.
configure:3363: $? = 1
configure: failed program was:
| /* confdefs.h */
| #define PACKAGE_NAME "dbus-python"
| #define PACKAGE_TARNAME "dbus-python"
| #define PACKAGE_VERSION "1.2.16"
| #define PACKAGE_STRING "dbus-python 1.2.16"
| #define PACKAGE_BUGREPORT "http://bugs.freedesktop.org/enter_bug.cgi?product=dbus&component=python"
| #define PACKAGE_URL ""
| #define DBUS_PYTHON_MAJOR_VERSION 1
| #define DBUS_PYTHON_MINOR_VERSION 2
| #define DBUS_PYTHON_MICRO_VERSION 16
| /* end confdefs.h.  */
| #include <ac_nonexistent.h>
configure:3388: result: gcc -E
configure:3408: gcc -E  conftest.c
configure:3408: $? = 0
configure:3422: gcc -E  conftest.c
conftest.c:12:10: fatal error: ac_nonexistent.h: No such file or directory
   12 | #include <ac_nonexistent.h>
      |          ^~~~~~~~~~~~~~~~~~
compilation terminated.
configure:3422: $? = 1
configure: failed program was:
| /* confdefs.h */
| #define PACKAGE_NAME "dbus-python"
| #define PACKAGE_TARNAME "dbus-python"
| #define PACKAGE_VERSION "1.2.16"
| #define PACKAGE_STRING "dbus-python 1.2.16"
| #define PACKAGE_BUGREPORT "http://bugs.freedesktop.org/enter_bug.cgi?product=dbus&component=python"
| #define PACKAGE_URL ""
| #define DBUS_PYTHON_MAJOR_VERSION 1
| #define DBUS_PYTHON_MINOR_VERSION 2
| #define DBUS_PYTHON_MICRO_VERSION 16
| /* end confdefs.h.  */
| #include <ac_nonexistent.h>
configure:3451: checking for grep that handles long lines and -e
configure:3509: result: /usr/bin/grep
configure:3514: checking for egrep
configure:3576: result: /usr/bin/grep -E
configure:3581: checking for ANSI C header files
configure:3601: gcc -c -g -O2  conftest.c >&5
configure:3601: $? = 0
configure:3674: gcc -o conftest -g -O2   conftest.c  >&5
configure:3674: $? = 0
configure:3674: ./conftest
configure:3674: $? = 0
configure:3685: result: yes
configure:3698: checking for sys/types.h
configure:3698: gcc -c -g -O2  conftest.c >&5
configure:3698: $? = 0
configure:3698: result: yes
configure:3698: checking for sys/stat.h
configure:3698: gcc -c -g -O2  conftest.c >&5
configure:3698: $? = 0
configure:3698: result: yes
configure:3698: checking for stdlib.h
configure:3698: gcc -c -g -O2  conftest.c >&5
configure:3698: $? = 0
configure:3698: result: yes
configure:3698: checking for string.h
configure:3698: gcc -c -g -O2  conftest.c >&5
configure:3698: $? = 0
configure:3698: result: yes
configure:3698: checking for memory.h
configure:3698: gcc -c -g -O2  conftest.c >&5
configure:3698: $? = 0
configure:3698: result: yes
configure:3698: checking for strings.h
configure:3698: gcc -c -g -O2  conftest.c >&5
configure:3698: $? = 0
configure:3698: result: yes
configure:3698: checking for inttypes.h
configure:3698: gcc -c -g -O2  conftest.c >&5
configure:3698: $? = 0
configure:3698: result: yes
configure:3698: checking for stdint.h
configure:3698: gcc -c -g -O2  conftest.c >&5
configure:3698: $? = 0
configure:3698: result: yes
configure:3698: checking for unistd.h
configure:3698: gcc -c -g -O2  conftest.c >&5
configure:3698: $? = 0
configure:3698: result: yes
configure:3711: checking minix/config.h usability
configure:3711: gcc -c -g -O2  conftest.c >&5
conftest.c:55:10: fatal error: minix/config.h: No such file or directory
   55 | #include <minix/config.h>
      |          ^~~~~~~~~~~~~~~~
compilation terminated.
configure:3711: $? = 1
configure: failed program was:
| /* confdefs.h */
| #define PACKAGE_NAME "dbus-python"
| #define PACKAGE_TARNAME "dbus-python"
| #define PACKAGE_VERSION "1.2.16"
| #define PACKAGE_STRING "dbus-python 1.2.16"
| #define PACKAGE_BUGREPORT "http://bugs.freedesktop.org/enter_bug.cgi?product=dbus&component=python"
| #define PACKAGE_URL ""
| #define DBUS_PYTHON_MAJOR_VERSION 1
| #define DBUS_PYTHON_MINOR_VERSION 2
| #define DBUS_PYTHON_MICRO_VERSION 16
| #define STDC_HEADERS 1
| #define HAVE_SYS_TYPES_H 1
| #define HAVE_SYS_STAT_H 1
| #define HAVE_STDLIB_H 1
| #define HAVE_STRING_H 1
| #define HAVE_MEMORY_H 1
| #define HAVE_STRINGS_H 1
| #define HAVE_INTTYPES_H 1
| #define HAVE_STDINT_H 1
| #define HAVE_UNISTD_H 1
| /* end confdefs.h.  */
| #include <stdio.h>
| #ifdef HAVE_SYS_TYPES_H
| # include <sys/types.h>
| #endif
| #ifdef HAVE_SYS_STAT_H
| # include <sys/stat.h>
| #endif
| #ifdef STDC_HEADERS
| # include <stdlib.h>
| # include <stddef.h>
| #else
| # ifdef HAVE_STDLIB_H
| #  include <stdlib.h>
| # endif
| #endif
| #ifdef HAVE_STRING_H
| # if !defined STDC_HEADERS && defined HAVE_MEMORY_H
| #  include <memory.h>
| # endif
| # include <string.h>
| #endif
| #ifdef HAVE_STRINGS_H
| # include <strings.h>
| #endif
| #ifdef HAVE_INTTYPES_H
| # include <inttypes.h>
| #endif
| #ifdef HAVE_STDINT_H
| # include <stdint.h>
| #endif
| #ifdef HAVE_UNISTD_H
| # include <unistd.h>
| #endif
| #include <minix/config.h>
configure:3711: result: no
configure:3711: checking minix/config.h presence
configure:3711: gcc -E  conftest.c
conftest.c:22:10: fatal error: minix/config.h: No such file or directory
   22 | #include <minix/config.h>
      |          ^~~~~~~~~~~~~~~~
compilation terminated.
configure:3711: $? = 1
configure: failed program was:
| /* confdefs.h */
| #define PACKAGE_NAME "dbus-python"
| #define PACKAGE_TARNAME "dbus-python"
| #define PACKAGE_VERSION "1.2.16"
| #define PACKAGE_STRING "dbus-python 1.2.16"
| #define PACKAGE_BUGREPORT "http://bugs.freedesktop.org/enter_bug.cgi?product=dbus&component=python"
| #define PACKAGE_URL ""
| #define DBUS_PYTHON_MAJOR_VERSION 1
| #define DBUS_PYTHON_MINOR_VERSION 2
| #define DBUS_PYTHON_MICRO_VERSION 16
| #define STDC_HEADERS 1
| #define HAVE_SYS_TYPES_H 1
| #define HAVE_SYS_STAT_H 1
| #define HAVE_STDLIB_H 1
| #define HAVE_STRING_H 1
| #define HAVE_MEMORY_H 1
| #define HAVE_STRINGS_H 1
| #define HAVE_INTTYPES_H 1
| #define HAVE_STDINT_H 1
| #define HAVE_UNISTD_H 1
| /* end confdefs.h.  */
| #include <minix/config.h>
configure:3711: result: no
configure:3711: checking for minix/config.h
configure:3711: result: no
configure:3732: checking whether it is safe to define __EXTENSIONS__
configure:3750: gcc -c -g -O2  conftest.c >&5
configure:3750: $? = 0
configure:3757: result: yes
configure:3788: checking for a BSD-compatible install
configure:3856: result: /usr/bin/install -c
configure:3867: checking whether build environment is sane
configure:3922: result: yes
configure:4070: checking for a thread-safe mkdir -p
configure:4109: result: /usr/bin/mkdir -p
configure:4116: checking for gawk
configure:4132: found /usr/bin/gawk
configure:4143: result: gawk
configure:4154: checking whether make sets $(MAKE)
configure:4176: result: yes
configure:4198: checking whether make supports the include directive
configure:4213: make -f confmf.GNU && cat confinc.out
this is the am__doit target
configure:4216: $? = 0
configure:4235: result: yes (GNU style)
configure:4335: checking whether UID '0' is supported by ustar format
configure:4338: result: yes
configure:4345: checking whether GID '0' is supported by ustar format
configure:4348: result: yes
configure:4356: checking how to create a ustar tar archive
configure:4367: tar --version
tar (GNU tar) 1.35
Copyright (C) 2023 Free Software Foundation, Inc.
License GPLv3+: GNU GPL version 3 or later <https://gnu.org/licenses/gpl.html>.
This is free software: you are free to change and redistribute it.
There is NO WARRANTY, to the extent permitted by law.

Written by John Gilmore and Jay Fenlason.
configure:4370: $? = 0
configure:4410: tardir=conftest.dir && eval tar --format=ustar -chf - "$tardir" >conftest.tar
configure:4413: $? = 0
configure:4417: tar -xf - <conftest.tar
configure:4420: $? = 0
configure:4422: cat conftest.dir/file
GrepMe
configure:4425: $? = 0
configure:4438: result: gnutar
configure:4447: checking dependency style of gcc
configure:4558: result: gcc3
configure:4621: checking build system type
configure:4635: result: x86_64-pc-linux-gnu
configure:4655: checking host system type
configure:4668: result: x86_64-pc-linux-gnu
configure:4690: checking for native Windows host
configure:4700: result: no
configure:4791: checking how to print strings
configure:4818: result: printf
configure:4839: checking for a sed that does not truncate output
configure:4903: result: /usr/bin/sed
configure:4921: checking for fgrep
configure:4983: result: /usr/bin/grep -F
configure:5018: checking for ld used by gcc
configure:5085: result: /usr/bin/ld
configure:5092: checking if the linker (/usr/bin/ld) is GNU ld
configure:5107: result: yes
configure:5119: checking for BSD- or MS-compatible name lister (nm)
configure:5173: result: /usr/bin/nm -B
configure:5303: checking the name lister (/usr/bin/nm -B) interface
configure:5310: gcc -c -g -O2  conftest.c >&5
configure:5313: /usr/bin/nm -B "conftest.o"
configure:5316: output
0000000000000000 B some_variable
configure:5323: result: BSD nm
configure:5326: checking whether ln -s works
configure:5330: result: yes
configure:5338: checking the maximum length of command line arguments
configure:5469: result: 1572864
configure:5517: checking how to convert x86_64-pc-linux-gnu file names to x86_64-pc-linux-gnu format
configure:5557: result: func_convert_file_noop
configure:5564: checking how to convert x86_64-pc-linux-gnu file names to toolchain format
configure:5584: result: func_convert_file_noop
configure:5591: checking for /usr/bin/ld option to reload object files
configure:5598: result: -r
configure:5672: checking for objdump
configure:5688: found /usr/bin/objdump
configure:5699: result: objdump
configure:5731: checking how to recognize dependent libraries
configure:5931: result: pass_all
configure:6016: checking for dlltool
configure:6046: result: no
configure:6076: checking how to associate runtime and link libraries
configure:6103: result: printf %s\n
configure:6163: checking for ar
configure:6179: found /usr/bin/ar
configure:6190: result: ar
configure:6227: checking for archiver @FILE support
configure:6244: gcc -c -g -O2  conftest.c >&5
configure:6244: $? = 0
configure:6247: ar cru libconftest.a @conftest.lst >&5
configure:6250: $? = 0
configure:6255: ar cru libconftest.a @conftest.lst >&5
ar: conftest.o: No such file or directory
configure:6258: $? = 1
configure:6270: result: @
configure:6328: checking for strip
configure:6344: found /usr/bin/strip
configure:6355: result: strip
configure:6427: checking for ranlib
configure:6443: found /usr/bin/ranlib
configure:6454: result: ranlib
configure:6556: checking command to parse /usr/bin/nm -B output from gcc object
configure:6709: gcc -c -g -O2  conftest.c >&5
configure:6712: $? = 0
configure:6716: /usr/bin/nm -B conftest.o | sed -n -e 's/^.*[	 ]\([ABCDGIRSTW][ABCDGIRSTW]*\)[	 ][	 ]*\([_A-Za-z][_A-Za-z0-9]*\)$/\1 \2 \2/p' | sed '/ __gnu_lto/d' > conftest.nm
configure:6782: gcc -o conftest -g -O2   conftest.c conftstm.o >&5
configure:6785: $? = 0
configure:6823: result: ok
configure:6870: checking for sysroot
configure:6900: result: no
configure:6907: checking for a working dd
configure:6945: result: /usr/bin/dd
configure:6949: checking how to truncate binary pipes
configure:6964: result: /usr/bin/dd bs=4096 count=1
configure:7100: gcc -c -g -O2  conftest.c >&5
configure:7103: $? = 0
configure:7293: checking for mt
configure:7323: result: no
configure:7343: checking if : is a manifest tool
configure:7349: : '-?'
configure:7357: result: no
configure:8031: checking for dlfcn.h
configure:8031: gcc -c -g -O2  conftest.c >&5
configure:8031: $? = 0
configure:8031: result: yes
configure:8257: checking for objdir
configure:8272: result: .libs
configure:8536: checking if gcc supports -fno-rtti -fno-exceptions
configure:8554: gcc -c -g -O2  -fno-rtti -fno-exceptions conftest.c >&5
cc1: warning: command-line option '-fno-rtti' is valid for C++/D/ObjC++ but not for C
configure:8558: $? = 0
configure:8571: result: no
configure:8935: checking for gcc option to produce PIC
configure:8942: result: -fPIC -DPIC
configure:8950: checking if gcc PIC flag -fPIC -DPIC works
configure:8968: gcc -c -g -O2  -fPIC -DPIC -DPIC conftest.c >&5
configure:8972: $? = 0
configure:8985: result: yes
configure:9014: checking if gcc static flag -static works
configure:9042: result: yes
configure:9057: checking if gcc supports -c -o file.o
configure:9078: gcc -c -g -O2  -o out/conftest2.o conftest.c >&5
configure:9082: $? = 0
configure:9104: result: yes
configure:9112: checking if gcc supports -c -o file.o
configure:9159: result: yes
configure:9192: checking whether the gcc linker (/usr/bin/ld -m elf_x86_64) supports shared libraries
configure:10455: result: yes
configure:10492: checking whether -lc should be explicitly linked in
configure:10500: gcc -c -g -O2  conftest.c >&5
configure:10503: $? = 0
configure:10518: gcc -shared  -fPIC -DPIC conftest.o  -v -Wl,-soname -Wl,conftest -o conftest 2\>\&1 \| /usr/bin/grep  -lc  \>/dev/null 2\>\&1
configure:10521: $? = 0
configure:10535: result: no
configure:10695: checking dynamic linker characteristics
configure:11276: gcc -o conftest -g -O2   -Wl,-rpath -Wl,/foo conftest.c  >&5
configure:11276: $? = 0
configure:11525: result: GNU/Linux ld.so
configure:11647: checking how to hardcode library paths into programs
configure:11672: result: immediate
configure:12220: checking whether stripping libraries is possible
configure:12225: result: yes
configure:12260: checking if libtool supports shared libraries
configure:12262: result: yes
configure:12265: checking whether to build shared libraries
configure:12290: result: yes
configure:12293: checking whether to build static libraries
configure:12297: result: no
configure:12335: checking for inline
configure:12351: gcc -c -g -O2  conftest.c >&5
configure:12351: $? = 0
configure:12359: result: inline
configure:12383: checking for gawk
configure:12410: result: gawk
configure:12441: checking for python
configure:12459: found /usr/bin/python
configure:12471: result: /usr/bin/python
configure:12487: checking for a version of Python >= '2.1.0'
configure:12513: result: yes
configure:12521: checking for a version of Python >= '2.7'
configure:12527: result: yes
configure:12544: checking for the distutils Python package
configure:12548: result: yes
configure:12562: checking for Python include path
configure:12578: result: -I/usr/include/python3.12
configure:12585: checking for Python library path
configure:12662: result: -L/usr/lib -lpython3.12
configure:12669: checking for Python site-packages path
configure:12675: result: /usr/lib/python3.12/site-packages
configure:12682: checking python extra libraries
configure:12689: result: -ldl -lm
configure:12696: checking python extra linking flags
configure:12703: result: -Xlinker -export-dynamic
configure:12710: checking consistency of all components of python development environment
configure:12738: gcc -o conftest -g -O2  -I/usr/include/python3.12  -Xlinker -export-dynamic conftest.c  -L/usr/lib -lpython3.12 -ldl -lm -ldl -lm >&5
configure:12738: $? = 0
configure:12756: result: yes
configure:12844: checking for python version
configure:12851: result: 3.1
configure:12863: checking for python platform
configure:12870: result: linux
configure:12896: checking for python script directory
configure:12931: result: ${prefix}/lib/python3.12/site-packages
configure:12940: checking for python extension module directory
configure:12975: result: ${exec_prefix}/lib/python3.12/site-packages
configure:13038: checking python module: sphinx
configure:13047: result: no
configure:13078: checking python module: sphinx_rtd_theme
configure:13087: result: no
configure:13111: checking for dbus-run-session
configure:13129: found /usr/bin/dbus-run-session
configure:13142: result: /usr/bin/dbus-run-session
configure:13214: checking for pkg-config
configure:13232: found /usr/bin/pkg-config
configure:13244: result: /usr/bin/pkg-config
configure:13269: checking pkg-config is at least version 0.9.0
configure:13272: result: yes
configure:13282: checking for DBUS
configure:13289: $PKG_CONFIG --exists --print-errors "dbus-1 >= 1.8"
configure:13292: $? = 0
configure:13306: $PKG_CONFIG --exists --print-errors "dbus-1 >= 1.8"
configure:13309: $? = 0
configure:13367: result: yes
configure:13373: checking for GLIB
configure:13380: $PKG_CONFIG --exists --print-errors "glib-2.0 >= 2.40"
configure:13383: $? = 0
configure:13397: $PKG_CONFIG --exists --print-errors "glib-2.0 >= 2.40"
configure:13400: $? = 0
configure:13458: result: yes
configure:13540: gcc -c -g -O2  conftest.c >&5
conftest.c:34:9: error: #error "no C++"
   34 |        #error "no C++"
      |         ^~~~~
configure:13540: $? = 1
configure: failed program was:
| /* confdefs.h */
| #define PACKAGE_NAME "dbus-python"
| #define PACKAGE_TARNAME "dbus-python"
| #define PACKAGE_VERSION "1.2.16"
| #define PACKAGE_STRING "dbus-python 1.2.16"
| #define PACKAGE_BUGREPORT "http://bugs.freedesktop.org/enter_bug.cgi?product=dbus&component=python"
| #define PACKAGE_URL ""
| #define DBUS_PYTHON_MAJOR_VERSION 1
| #define DBUS_PYTHON_MINOR_VERSION 2
| #define DBUS_PYTHON_MICRO_VERSION 16
| #define STDC_HEADERS 1
| #define HAVE_SYS_TYPES_H 1
| #define HAVE_SYS_STAT_H 1
| #define HAVE_STDLIB_H 1
| #define HAVE_STRING_H 1
| #define HAVE_MEMORY_H 1
| #define HAVE_STRINGS_H 1
| #define HAVE_INTTYPES_H 1
| #define HAVE_STDINT_H 1
| #define HAVE_UNISTD_H 1
| #define __EXTENSIONS__ 1
| #define _ALL_SOURCE 1
| #define _GNU_SOURCE 1
| #define _POSIX_PTHREAD_SEMANTICS 1
| #define _TANDEM_SOURCE 1
| #define PACKAGE "dbus-python"
| #define VERSION "1.2.16"
| #define HAVE_DLFCN_H 1
| #define LT_OBJDIR ".libs/"
| #define HAVE_PYTHON "3.12"
| /* end confdefs.h.  */
| 
|       #ifndef __cplusplus
|        #error "no C++"
|        #endif
| int
| main ()
| {
| 
|   ;
|   return 0;
| }
configure:13552: checking whether C compiler accepts -Werror=unknown-warning-option
configure:13571: gcc -c -g -O2  -Werror=unknown-warning-option  conftest.c >&5
cc1: error: '-Werror=unknown-warning-option': no option '-Wunknown-warning-option'
configure:13571: $? = 1
configure: failed program was:
| /* confdefs.h */
| #define PACKAGE_NAME "dbus-python"
| #define PACKAGE_TARNAME "dbus-python"
| #define PACKAGE_VERSION "1.2.16"
| #define PACKAGE_STRING "dbus-python 1.2.16"
| #define PACKAGE_BUGREPORT "http://bugs.freedesktop.org/enter_bug.cgi?product=dbus&component=python"
| #define PACKAGE_URL ""
| #define DBUS_PYTHON_MAJOR_VERSION 1
| #define DBUS_PYTHON_MINOR_VERSION 2
| #define DBUS_PYTHON_MICRO_VERSION 16
| #define STDC_HEADERS 1
| #define HAVE_SYS_TYPES_H 1
| #define HAVE_SYS_STAT_H 1
| #define HAVE_STDLIB_H 1
| #define HAVE_STRING_H 1
| #define HAVE_MEMORY_H 1
| #define HAVE_STRINGS_H 1
| #define HAVE_INTTYPES_H 1
| #define HAVE_STDINT_H 1
| #define HAVE_UNISTD_H 1
| #define __EXTENSIONS__ 1
| #define _ALL_SOURCE 1
| #define _GNU_SOURCE 1
| #define _POSIX_PTHREAD_SEMANTICS 1
| #define _TANDEM_SOURCE 1
| #define PACKAGE "dbus-python"
| #define VERSION "1.2.16"
| #define HAVE_DLFCN_H 1
| #define LT_OBJDIR ".libs/"
| #define HAVE_PYTHON "3.12"
| /* end confdefs.h.  */
| 
| int
| main ()
| {
| 
|   ;
|   return 0;
| }
configure:13579: result: no
configure:13593: checking whether C compiler accepts -Wno-suggest-attribute=format
configure:13612: gcc -c -g -O2  -Wno-suggest-attribute=format  conftest.c >&5
configure:13612: $? = 0
configure:13620: result: yes
configure:13647: checking whether C compiler accepts -fno-strict-aliasing
configure:13666: gcc -c -g -O2  -fno-strict-aliasing  conftest.c >&5
configure:13666: $? = 0
configure:13675: result: yes
configure:13702: : WARN_CFLAGS="$WARN_CFLAGS"
configure:13705: $? = 0
configure:13647: checking whether C compiler accepts -Wdeprecated-declarations
configure:13666: gcc -c -g -O2  -Wdeprecated-declarations  conftest.c >&5
configure:13666: $? = 0
configure:13675: result: yes
configure:13691: : WARN_CFLAGS="$WARN_CFLAGS"
configure:13694: $? = 0
configure:13647: checking whether C compiler accepts -Wno-duplicated-branches
configure:13666: gcc -c -g -O2  -Wno-duplicated-branches  conftest.c >&5
configure:13666: $? = 0
configure:13675: result: yes
configure:13691: : WARN_CFLAGS="$WARN_CFLAGS"
configure:13694: $? = 0
configure:13647: checking whether C compiler accepts -Wno-inline
configure:13666: gcc -c -g -O2  -Wno-inline  conftest.c >&5
configure:13666: $? = 0
configure:13675: result: yes
configure:13691: : WARN_CFLAGS="$WARN_CFLAGS"
configure:13694: $? = 0
configure:13647: checking whether C compiler accepts -Wno-redundant-decls
configure:13666: gcc -c -g -O2  -Wno-redundant-decls  conftest.c >&5
configure:13666: $? = 0
configure:13675: result: yes
configure:13691: : WARN_CFLAGS="$WARN_CFLAGS"
configure:13694: $? = 0
configure:13647: checking whether C compiler accepts -Wno-switch-default
configure:13666: gcc -c -g -O2  -Wno-switch-default  conftest.c >&5
configure:13666: $? = 0
configure:13675: result: yes
configure:13691: : WARN_CFLAGS="$WARN_CFLAGS"
configure:13694: $? = 0
configure:13647: checking whether C compiler accepts -Wno-write-strings
configure:13666: gcc -c -g -O2  -Wno-write-strings  conftest.c >&5
configure:13666: $? = 0
configure:13675: result: yes
configure:13691: : WARN_CFLAGS="$WARN_CFLAGS"
configure:13694: $? = 0
configure:13727: checking whether C compiler accepts -Wnested-externs
configure:13746: gcc -c -g -O2  -Wnested-externs  conftest.c >&5
configure:13746: $? = 0
configure:13755: result: yes
configure:13771: : WARN_CFLAGS="$WARN_CFLAGS"
configure:13774: $? = 0
configure:13727: checking whether C compiler accepts -Wmissing-prototypes
configure:13746: gcc -c -g -O2  -Wmissing-prototypes  conftest.c >&5
configure:13746: $? = 0
configure:13755: result: yes
configure:13771: : WARN_CFLAGS="$WARN_CFLAGS"
configure:13774: $? = 0
configure:13727: checking whether C compiler accepts -Wstrict-prototypes
configure:13746: gcc -c -g -O2  -Wstrict-prototypes  conftest.c >&5
conftest.c:34:1: warning: function declaration isn't a prototype [-Wstrict-prototypes]
   34 | main ()
      | ^~~~
configure:13746: $? = 0
configure:13755: result: yes
configure:13771: : WARN_CFLAGS="$WARN_CFLAGS"
configure:13774: $? = 0
configure:13727: checking whether C compiler accepts -Wdeclaration-after-statement
configure:13746: gcc -c -g -O2  -Wdeclaration-after-statement  conftest.c >&5
configure:13746: $? = 0
configure:13755: result: yes
configure:13771: : WARN_CFLAGS="$WARN_CFLAGS"
configure:13774: $? = 0
configure:13727: checking whether C compiler accepts -Wimplicit-function-declaration
configure:13746: gcc -c -g -O2  -Wimplicit-function-declaration  conftest.c >&5
configure:13746: $? = 0
configure:13755: result: yes
configure:13771: : WARN_CFLAGS="$WARN_CFLAGS"
configure:13774: $? = 0
configure:13727: checking whether C compiler accepts -Wold-style-definition
configure:13746: gcc -c -g -O2  -Wold-style-definition  conftest.c >&5
conftest.c: In function 'main':
conftest.c:34:1: warning: old-style function definition [-Wold-style-definition]
   34 | main ()
      | ^~~~
configure:13746: $? = 0
configure:13755: result: yes
configure:13771: : WARN_CFLAGS="$WARN_CFLAGS"
configure:13774: $? = 0
configure:13727: checking whether C compiler accepts -Wjump-misses-init
configure:13746: gcc -c -g -O2  -Wjump-misses-init  conftest.c >&5
configure:13746: $? = 0
configure:13755: result: yes
configure:13771: : WARN_CFLAGS="$WARN_CFLAGS"
configure:13774: $? = 0
configure:13805: checking whether C compiler accepts -Wall
configure:13824: gcc -c -g -O2  -Wall  conftest.c >&5
configure:13824: $? = 0
configure:13833: result: yes
configure:13849: : WARN_CFLAGS="$WARN_CFLAGS"
configure:13852: $? = 0
configure:13805: checking whether C compiler accepts -Wextra
configure:13824: gcc -c -g -O2  -Wextra  conftest.c >&5
configure:13824: $? = 0
configure:13833: result: yes
configure:13849: : WARN_CFLAGS="$WARN_CFLAGS"
configure:13852: $? = 0
configure:13805: checking whether C compiler accepts -Wundef
configure:13824: gcc -c -g -O2  -Wundef  conftest.c >&5
configure:13824: $? = 0
configure:13833: result: yes
configure:13849: : WARN_CFLAGS="$WARN_CFLAGS"
configure:13852: $? = 0
configure:13805: checking whether C compiler accepts -Wwrite-strings
configure:13824: gcc -c -g -O2  -Wwrite-strings  conftest.c >&5
configure:13824: $? = 0
configure:13833: result: yes
configure:13849: : WARN_CFLAGS="$WARN_CFLAGS"
configure:13852: $? = 0
configure:13805: checking whether C compiler accepts -Wpointer-arith
configure:13824: gcc -c -g -O2  -Wpointer-arith  conftest.c >&5
configure:13824: $? = 0
configure:13833: result: yes
configure:13849: : WARN_CFLAGS="$WARN_CFLAGS"
configure:13852: $? = 0
configure:13805: checking whether C compiler accepts -Wmissing-declarations
configure:13824: gcc -c -g -O2  -Wmissing-declarations  conftest.c >&5
configure:13824: $? = 0
configure:13833: result: yes
configure:13849: : WARN_CFLAGS="$WARN_CFLAGS"
configure:13852: $? = 0
configure:13805: checking whether C compiler accepts -Wredundant-decls
configure:13824: gcc -c -g -O2  -Wredundant-decls  conftest.c >&5
configure:13824: $? = 0
configure:13833: result: yes
configure:13849: : WARN_CFLAGS="$WARN_CFLAGS"
configure:13852: $? = 0
configure:13805: checking whether C compiler accepts -Wno-unused-parameter
configure:13824: gcc -c -g -O2  -Wno-unused-parameter  conftest.c >&5
configure:13824: $? = 0
configure:13833: result: yes
configure:13849: : WARN_CFLAGS="$WARN_CFLAGS"
configure:13852: $? = 0
configure:13805: checking whether C compiler accepts -Wno-missing-field-initializers
configure:13824: gcc -c -g -O2  -Wno-missing-field-initializers  conftest.c >&5
configure:13824: $? = 0
configure:13833: result: yes
configure:13849: : WARN_CFLAGS="$WARN_CFLAGS"
configure:13852: $? = 0
configure:13805: checking whether C compiler accepts -Wformat=2
configure:13824: gcc -c -g -O2  -Wformat=2  conftest.c >&5
configure:13824: $? = 0
configure:13833: result: yes
configure:13849: : WARN_CFLAGS="$WARN_CFLAGS"
configure:13852: $? = 0
configure:13805: checking whether C compiler accepts -Wcast-align
configure:13824: gcc -c -g -O2  -Wcast-align  conftest.c >&5
configure:13824: $? = 0
configure:13833: result: yes
configure:13849: : WARN_CFLAGS="$WARN_CFLAGS"
configure:13852: $? = 0
configure:13805: checking whether C compiler accepts -Wformat-nonliteral
configure:13824: gcc -c -g -O2  -Wformat-nonliteral  conftest.c >&5
cc1: warning: '-Wformat-nonliteral' ignored without '-Wformat' [-Wformat-nonliteral]
configure:13824: $? = 0
configure:13833: result: yes
configure:13849: : WARN_CFLAGS="$WARN_CFLAGS"
configure:13852: $? = 0
configure:13805: checking whether C compiler accepts -Wformat-security
configure:13824: gcc -c -g -O2  -Wformat-security  conftest.c >&5
cc1: warning: '-Wformat-security' ignored without '-Wformat' [-Wformat-security]
configure:13824: $? = 0
configure:13833: result: yes
configure:13849: : WARN_CFLAGS="$WARN_CFLAGS"
configure:13852: $? = 0
configure:13805: checking whether C compiler accepts -Wsign-compare
configure:13824: gcc -c -g -O2  -Wsign-compare  conftest.c >&5
configure:13824: $? = 0
configure:13833: result: yes
configure:13849: : WARN_CFLAGS="$WARN_CFLAGS"
configure:13852: $? = 0
configure:13805: checking whether C compiler accepts -Wstrict-aliasing
configure:13824: gcc -c -g -O2  -Wstrict-aliasing  conftest.c >&5
configure:13824: $? = 0
configure:13833: result: yes
configure:13849: : WARN_CFLAGS="$WARN_CFLAGS"
configure:13852: $? = 0
configure:13805: checking whether C compiler accepts -Wshadow
configure:13824: gcc -c -g -O2  -Wshadow  conftest.c >&5
configure:13824: $? = 0
configure:13833: result: yes
configure:13849: : WARN_CFLAGS="$WARN_CFLAGS"
configure:13852: $? = 0
configure:13805: checking whether C compiler accepts -Winline
configure:13824: gcc -c -g -O2  -Winline  conftest.c >&5
configure:13824: $? = 0
configure:13833: result: yes
configure:13849: : WARN_CFLAGS="$WARN_CFLAGS"
configure:13852: $? = 0
configure:13805: checking whether C compiler accepts -Wpacked
configure:13824: gcc -c -g -O2  -Wpacked  conftest.c >&5
configure:13824: $? = 0
configure:13833: result: yes
configure:13849: : WARN_CFLAGS="$WARN_CFLAGS"
configure:13852: $? = 0
configure:13805: checking whether C compiler accepts -Wmissing-format-attribute
configure:13824: gcc -c -g -O2  -Wmissing-format-attribute  conftest.c >&5
configure:13824: $? = 0
configure:13833: result: yes
configure:13849: : WARN_CFLAGS="$WARN_CFLAGS"
configure:13852: $? = 0
configure:13805: checking whether C compiler accepts -Wmissing-noreturn
configure:13824: gcc -c -g -O2  -Wmissing-noreturn  conftest.c >&5
configure:13824: $? = 0
configure:13833: result: yes
configure:13849: : WARN_CFLAGS="$WARN_CFLAGS"
configure:13852: $? = 0
configure:13805: checking whether C compiler accepts -Winit-self
configure:13824: gcc -c -g -O2  -Winit-self  conftest.c >&5
configure:13824: $? = 0
configure:13833: result: yes
configure:13849: : WARN_CFLAGS="$WARN_CFLAGS"
configure:13852: $? = 0
configure:13805: checking whether C compiler accepts -Wredundant-decls
configure:13833: result: yes
configure:13841: : WARN_CFLAGS already contains $flag
configure:13844: $? = 0
configure:13805: checking whether C compiler accepts -Wmissing-include-dirs
configure:13824: gcc -c -g -O2  -Wmissing-include-dirs  conftest.c >&5
configure:13824: $? = 0
configure:13833: result: yes
configure:13849: : WARN_CFLAGS="$WARN_CFLAGS"
configure:13852: $? = 0
configure:13805: checking whether C compiler accepts -Wunused-but-set-variable
configure:13824: gcc -c -g -O2  -Wunused-but-set-variable  conftest.c >&5
configure:13824: $? = 0
configure:13833: result: yes
configure:13849: : WARN_CFLAGS="$WARN_CFLAGS"
configure:13852: $? = 0
configure:13805: checking whether C compiler accepts -Warray-bounds
configure:13824: gcc -c -g -O2  -Warray-bounds  conftest.c >&5
configure:13824: $? = 0
configure:13833: result: yes
configure:13849: : WARN_CFLAGS="$WARN_CFLAGS"
configure:13852: $? = 0
configure:13805: checking whether C compiler accepts -Wreturn-type
configure:13824: gcc -c -g -O2  -Wreturn-type  conftest.c >&5
configure:13824: $? = 0
configure:13833: result: yes
configure:13849: : WARN_CFLAGS="$WARN_CFLAGS"
configure:13852: $? = 0
configure:13805: checking whether C compiler accepts -Wswitch-enum
configure:13824: gcc -c -g -O2  -Wswitch-enum  conftest.c >&5
configure:13824: $? = 0
configure:13833: result: yes
configure:13849: : WARN_CFLAGS="$WARN_CFLAGS"
configure:13852: $? = 0
configure:13805: checking whether C compiler accepts -Wswitch-default
configure:13824: gcc -c -g -O2  -Wswitch-default  conftest.c >&5
configure:13824: $? = 0
configure:13833: result: yes
configure:13849: : WARN_CFLAGS="$WARN_CFLAGS"
configure:13852: $? = 0
configure:13805: checking whether C compiler accepts -Wduplicated-cond
configure:13824: gcc -c -g -O2  -Wduplicated-cond  conftest.c >&5
configure:13824: $? = 0
configure:13833: result: yes
configure:13849: : WARN_CFLAGS="$WARN_CFLAGS"
configure:13852: $? = 0
configure:13805: checking whether C compiler accepts -Wduplicated-branches
configure:13824: gcc -c -g -O2  -Wduplicated-branches  conftest.c >&5
configure:13824: $? = 0
configure:13833: result: yes
configure:13849: : WARN_CFLAGS="$WARN_CFLAGS"
configure:13852: $? = 0
configure:13805: checking whether C compiler accepts -Wlogical-op
configure:13824: gcc -c -g -O2  -Wlogical-op  conftest.c >&5
configure:13824: $? = 0
configure:13833: result: yes
configure:13849: : WARN_CFLAGS="$WARN_CFLAGS"
configure:13852: $? = 0
configure:13805: checking whether C compiler accepts -Wrestrict
configure:13824: gcc -c -g -O2  -Wrestrict  conftest.c >&5
configure:13824: $? = 0
configure:13833: result: yes
configure:13849: : WARN_CFLAGS="$WARN_CFLAGS"
configure:13852: $? = 0
configure:13805: checking whether C compiler accepts -Wnull-dereference
configure:13824: gcc -c -g -O2  -Wnull-dereference  conftest.c >&5
configure:13824: $? = 0
configure:13833: result: yes
configure:13849: : WARN_CFLAGS="$WARN_CFLAGS"
configure:13852: $? = 0
configure:13805: checking whether C compiler accepts -Wdouble-promotion
configure:13824: gcc -c -g -O2  -Wdouble-promotion  conftest.c >&5
configure:13824: $? = 0
configure:13833: result: yes
configure:13849: : WARN_CFLAGS="$WARN_CFLAGS"
configure:13852: $? = 0
configure:14010: checking whether C compiler accepts -Wno-error=duplicated-branches
configure:14029: gcc -c -g -O2  -Wno-error=duplicated-branches  conftest.c >&5
configure:14029: $? = 0
configure:14038: result: yes
configure:14054: : WARN_CFLAGS="$WARN_CFLAGS"
configure:14057: $? = 0
configure:14010: checking whether C compiler accepts -Wno-error=inline
configure:14029: gcc -c -g -O2  -Wno-error=inline  conftest.c >&5
configure:14029: $? = 0
configure:14038: result: yes
configure:14054: : WARN_CFLAGS="$WARN_CFLAGS"
configure:14057: $? = 0
configure:14010: checking whether C compiler accepts -Wno-error=redundant-decls
configure:14029: gcc -c -g -O2  -Wno-error=redundant-decls  conftest.c >&5
configure:14029: $? = 0
configure:14038: result: yes
configure:14054: : WARN_CFLAGS="$WARN_CFLAGS"
configure:14057: $? = 0
configure:14010: checking whether C compiler accepts -Wno-error=switch-default
configure:14029: gcc -c -g -O2  -Wno-error=switch-default  conftest.c >&5
configure:14029: $? = 0
configure:14038: result: yes
configure:14054: : WARN_CFLAGS="$WARN_CFLAGS"
configure:14057: $? = 0
configure:14010: checking whether C compiler accepts -Wno-error=write-strings
configure:14029: gcc -c -g -O2  -Wno-error=write-strings  conftest.c >&5
configure:14029: $? = 0
configure:14038: result: yes
configure:14054: : WARN_CFLAGS="$WARN_CFLAGS"
configure:14057: $? = 0
configure:14010: checking whether C compiler accepts -Wno-error=unused-parameter
configure:14029: gcc -c -g -O2  -Wno-error=unused-parameter  conftest.c >&5
configure:14029: $? = 0
configure:14038: result: yes
configure:14054: : WARN_CFLAGS="$WARN_CFLAGS"
configure:14057: $? = 0
configure:14010: checking whether C compiler accepts -Wno-error=missing-field-initializers
configure:14029: gcc -c -g -O2  -Wno-error=missing-field-initializers  conftest.c >&5
configure:14029: $? = 0
configure:14038: result: yes
configure:14054: : WARN_CFLAGS="$WARN_CFLAGS"
configure:14057: $? = 0
configure:14114: checking whether C compiler accepts -Werror=unknown-warning-option
configure:14141: result: no
configure:14154: checking whether the linker accepts -Wl,--as-needed
configure:14173: gcc -o conftest -g -O2    -Wl,--as-needed conftest.c  >&5
configure:14173: $? = 0
configure:14182: result: yes
configure:14192: checking whether the linker accepts -Wl,--as-needed
configure:14211: gcc -o conftest -g -O2    -Wl,--as-needed conftest.c  >&5
configure:14211: $? = 0
configure:14221: result: yes
configure:14248: : AM_LDFLAGS="$AM_LDFLAGS"
configure:14251: $? = 0
configure:14267: checking whether the linker accepts -Wl,-z,relro
configure:14286: gcc -o conftest -g -O2    -Wl,-z,relro conftest.c  >&5
configure:14286: $? = 0
configure:14295: result: yes
configure:14305: checking whether the linker accepts -Wl,-z,relro
configure:14324: gcc -o conftest -g -O2    -Wl,-z,relro conftest.c  >&5
configure:14324: $? = 0
configure:14334: result: yes
configure:14350: : AM_LDFLAGS="$AM_LDFLAGS"
configure:14353: $? = 0
configure:14380: checking whether the linker accepts -Wl,-z,now
configure:14399: gcc -o conftest -g -O2    -Wl,-z,now conftest.c  >&5
configure:14399: $? = 0
configure:14408: result: yes
configure:14418: checking whether the linker accepts -Wl,-z,now
configure:14437: gcc -o conftest -g -O2    -Wl,-z,now conftest.c  >&5
configure:14437: $? = 0
configure:14447: result: yes
configure:14463: : AM_LDFLAGS="$AM_LDFLAGS"
configure:14466: $? = 0
configure:14493: checking whether the linker accepts -Wl,-z,noexecstack
configure:14512: gcc -o conftest -g -O2    -Wl,-z,noexecstack conftest.c  >&5
configure:14512: $? = 0
configure:14521: result: yes
configure:14531: checking whether the linker accepts -Wl,-z,noexecstack
configure:14550: gcc -o conftest -g -O2    -Wl,-z,noexecstack conftest.c  >&5
configure:14550: $? = 0
configure:14560: result: yes
configure:14576: : AM_LDFLAGS="$AM_LDFLAGS"
configure:14579: $? = 0
configure:14609: checking whether the linker accepts -Wl,--no-as-needed
configure:14628: gcc -o conftest -g -O2    -Wl,--no-as-needed conftest.c  >&5
configure:14628: $? = 0
configure:14637: result: yes
configure:14652: checking whether the linker accepts -Wl,--fatal-warnings
configure:14671: gcc -o conftest -g -O2    -Wl,--fatal-warnings conftest.c  >&5
configure:14671: $? = 0
configure:14680: result: yes
configure:14690: checking whether the linker accepts -Wl,-fatal_warnings
configure:14709: gcc -o conftest -g -O2    -Wl,-fatal_warnings conftest.c  >&5
/usr/bin/ld: -f may not be used without -shared
collect2: error: ld returned 1 exit status
configure:14709: $? = 1
configure: failed program was:
| /* confdefs.h */
| #define PACKAGE_NAME "dbus-python"
| #define PACKAGE_TARNAME "dbus-python"
| #define PACKAGE_VERSION "1.2.16"
| #define PACKAGE_STRING "dbus-python 1.2.16"
| #define PACKAGE_BUGREPORT "http://bugs.freedesktop.org/enter_bug.cgi?product=dbus&component=python"
| #define PACKAGE_URL ""
| #define DBUS_PYTHON_MAJOR_VERSION 1
| #define DBUS_PYTHON_MINOR_VERSION 2
| #define DBUS_PYTHON_MICRO_VERSION 16
| #define STDC_HEADERS 1
| #define HAVE_SYS_TYPES_H 1
| #define HAVE_SYS_STAT_H 1
| #define HAVE_STDLIB_H 1
| #define HAVE_STRING_H 1
| #define HAVE_MEMORY_H 1
| #define HAVE_STRINGS_H 1
| #define HAVE_INTTYPES_H 1
| #define HAVE_STDINT_H 1
| #define HAVE_UNISTD_H 1
| #define __EXTENSIONS__ 1
| #define _ALL_SOURCE 1
| #define _GNU_SOURCE 1
| #define _POSIX_PTHREAD_SEMANTICS 1
| #define _TANDEM_SOURCE 1
| #define PACKAGE "dbus-python"
| #define VERSION "1.2.16"
| #define HAVE_DLFCN_H 1
| #define LT_OBJDIR ".libs/"
| #define HAVE_PYTHON "3.12"
| /* end confdefs.h.  */
| 
| int
| main ()
| {
| 
|   ;
|   return 0;
| }
configure:14718: result: no
configure:14736: checking whether the linker accepts -Wl,--no-as-needed
configure:14755: gcc -o conftest -g -O2    -Wl,--no-as-needed conftest.c  >&5
configure:14755: $? = 0
configure:14765: result: yes
configure:14792: : WARN_LDFLAGS="$WARN_LDFLAGS"
configure:14795: $? = 0
configure:15009: : WARN_SCANNERFLAGS="$WARN_SCANNERFLAGS"
configure:15012: $? = 0
configure:15034: : WARN_SCANNERFLAGS="$WARN_SCANNERFLAGS"
configure:15037: $? = 0
configure:15223: checking that generated files are newer than configure
configure:15229: result: done
configure:15268: creating ./config.status

## ---------------------- ##
## Running config.status. ##
## ---------------------- ##

This file was extended by dbus-python config.status 1.2.16, which was
generated by GNU Autoconf 2.69.  Invocation command line was

  CONFIG_FILES    = 
  CONFIG_HEADERS  = 
  CONFIG_LINKS    = 
  CONFIG_COMMANDS = 
  $ ./config.status 

on localhost

config.status:1142: creating Makefile
config.status:1142: creating dbus-gmain/Makefile
config.status:1142: creating dbus-python.pc
config.status:1142: creating config.h
config.status:1371: executing depfiles commands
config.status:1448: cd .       && sed -e '/# am--include-marker/d' Makefile         | make -f - am--depfiles
config.status:1453: $? = 0
config.status:1448: cd dbus-gmain       && sed -e '/# am--include-marker/d' Makefile         | make -f - am--depfiles
config.status:1453: $? = 0
config.status:1371: executing libtool commands

## ---------------- ##
## Cache variables. ##
## ---------------- ##

ac_cv_build=x86_64-pc-linux-gnu
ac_cv_c_compiler_gnu=yes
ac_cv_c_inline=inline
ac_cv_env_CC_set=
ac_cv_env_CC_value=
ac_cv_env_CFLAGS_set=
ac_cv_env_CFLAGS_value=
ac_cv_env_CPPFLAGS_set=
ac_cv_env_CPPFLAGS_value=
ac_cv_env_CPP_set=
ac_cv_env_CPP_value=
ac_cv_env_DBUS_CFLAGS_set=
ac_cv_env_DBUS_CFLAGS_value=
ac_cv_env_DBUS_LIBS_set=
ac_cv_env_DBUS_LIBS_value=
ac_cv_env_DBUS_RUN_SESSION_set=
ac_cv_env_DBUS_RUN_SESSION_value=
ac_cv_env_GLIB_CFLAGS_set=
ac_cv_env_GLIB_CFLAGS_value=
ac_cv_env_GLIB_LIBS_set=
ac_cv_env_GLIB_LIBS_value=
ac_cv_env_LDFLAGS_set=
ac_cv_env_LDFLAGS_value=
ac_cv_env_LIBS_set=
ac_cv_env_LIBS_value=
ac_cv_env_LT_SYS_LIBRARY_PATH_set=
ac_cv_env_LT_SYS_LIBRARY_PATH_value=
ac_cv_env_PKG_CONFIG_LIBDIR_set=
ac_cv_env_PKG_CONFIG_LIBDIR_value=
ac_cv_env_PKG_CONFIG_PATH_set=set
ac_cv_env_PKG_CONFIG_PATH_value=/usr/lib64/pkgconfig:
ac_cv_env_PKG_CONFIG_set=
ac_cv_env_PKG_CONFIG_value=
ac_cv_env_PYTHON_CPPFLAGS_set=
ac_cv_env_PYTHON_CPPFLAGS_value=
ac_cv_env_PYTHON_EXTRA_LDFLAGS_set=
ac_cv_env_PYTHON_EXTRA_LDFLAGS_value=
ac_cv_env_PYTHON_EXTRA_LIBS_set=
ac_cv_env_PYTHON_EXTRA_LIBS_value=
ac_cv_env_PYTHON_INCLUDES_set=
ac_cv_env_PYTHON_INCLUDES_value=
ac_cv_env_PYTHON_LIBS_set=
ac_cv_env_PYTHON_LIBS_value=
ac_cv_env_PYTHON_VERSION_set=
ac_cv_env_PYTHON_VERSION_value=
ac_cv_env_PYTHON_set=
ac_cv_env_PYTHON_value=
ac_cv_env_build_alias_set=
ac_cv_env_build_alias_value=
ac_cv_env_host_alias_set=
ac_cv_env_host_alias_value=
ac_cv_env_target_alias_set=
ac_cv_env_target_alias_value=
ac_cv_header_dlfcn_h=yes
ac_cv_header_inttypes_h=yes
ac_cv_header_memory_h=yes
ac_cv_header_minix_config_h=no
ac_cv_header_stdc=yes
ac_cv_header_stdint_h=yes
ac_cv_header_stdlib_h=yes
ac_cv_header_string_h=yes
ac_cv_header_strings_h=yes
ac_cv_header_sys_stat_h=yes
ac_cv_header_sys_types_h=yes
ac_cv_header_unistd_h=yes
ac_cv_host=x86_64-pc-linux-gnu
ac_cv_objext=o
ac_cv_path_DBUS_RUN_SESSION=/usr/bin/dbus-run-session
ac_cv_path_EGREP='/usr/bin/grep -E'
ac_cv_path_FGREP='/usr/bin/grep -F'
ac_cv_path_GREP=/usr/bin/grep
ac_cv_path_PYTHON=/usr/bin/python
ac_cv_path_SED=/usr/bin/sed
ac_cv_path_ac_pt_PKG_CONFIG=/usr/bin/pkg-config
ac_cv_path_install='/usr/bin/install -c'
ac_cv_path_lt_DD=/usr/bin/dd
ac_cv_path_mkdir=/usr/bin/mkdir
ac_cv_prog_AWK=gawk
ac_cv_prog_CPP='gcc -E'
ac_cv_prog_ac_ct_AR=ar
ac_cv_prog_ac_ct_CC=gcc
ac_cv_prog_ac_ct_OBJDUMP=objdump
ac_cv_prog_ac_ct_RANLIB=ranlib
ac_cv_prog_ac_ct_STRIP=strip
ac_cv_prog_cc_c89=
ac_cv_prog_cc_g=yes
ac_cv_prog_make_make_set=yes
ac_cv_safe_to_define___extensions__=yes
am_cv_CC_dependencies_compiler_type=gcc3
am_cv_make_support_nested_variables=yes
am_cv_prog_cc_c_o=yes
am_cv_prog_tar_ustar=gnutar
am_cv_python_platform=linux
am_cv_python_pyexecdir='${exec_prefix}/lib/python3.12/site-packages'
am_cv_python_pythondir='${prefix}/lib/python3.12/site-packages'
am_cv_python_version=3.1
ax_cv_check_cflags__Wall=yes
ax_cv_check_cflags__Warray_bounds=yes
ax_cv_check_cflags__Wcast_align=yes
ax_cv_check_cflags__Wdeclaration_after_statement=yes
ax_cv_check_cflags__Wdeprecated_declarations=yes
ax_cv_check_cflags__Wdouble_promotion=yes
ax_cv_check_cflags__Wduplicated_branches=yes
ax_cv_check_cflags__Wduplicated_cond=yes
ax_cv_check_cflags__Wextra=yes
ax_cv_check_cflags__Wformat_2=yes
ax_cv_check_cflags__Wformat_nonliteral=yes
ax_cv_check_cflags__Wformat_security=yes
ax_cv_check_cflags__Wimplicit_function_declaration=yes
ax_cv_check_cflags__Winit_self=yes
ax_cv_check_cflags__Winline=yes
ax_cv_check_cflags__Wjump_misses_init=yes
ax_cv_check_cflags__Wlogical_op=yes
ax_cv_check_cflags__Wmissing_declarations=yes
ax_cv_check_cflags__Wmissing_format_attribute=yes
ax_cv_check_cflags__Wmissing_include_dirs=yes
ax_cv_check_cflags__Wmissing_noreturn=yes
ax_cv_check_cflags__Wmissing_prototypes=yes
ax_cv_check_cflags__Wnested_externs=yes
ax_cv_check_cflags__Wno_duplicated_branches=yes
ax_cv_check_cflags__Wno_error_duplicated_branches=yes
ax_cv_check_cflags__Wno_error_inline=yes
ax_cv_check_cflags__Wno_error_missing_field_initializers=yes
ax_cv_check_cflags__Wno_error_redundant_decls=yes
ax_cv_check_cflags__Wno_error_switch_default=yes
ax_cv_check_cflags__Wno_error_unused_parameter=yes
ax_cv_check_cflags__Wno_error_write_strings=yes
ax_cv_check_cflags__Wno_inline=yes
ax_cv_check_cflags__Wno_missing_field_initializers=yes
ax_cv_check_cflags__Wno_redundant_decls=yes
ax_cv_check_cflags__Wno_switch_default=yes
ax_cv_check_cflags__Wno_unused_parameter=yes
ax_cv_check_cflags__Wno_write_strings=yes
ax_cv_check_cflags__Wnull_dereference=yes
ax_cv_check_cflags__Wold_style_definition=yes
ax_cv_check_cflags__Wpacked=yes
ax_cv_check_cflags__Wpointer_arith=yes
ax_cv_check_cflags__Wredundant_decls=yes
ax_cv_check_cflags__Wrestrict=yes
ax_cv_check_cflags__Wreturn_type=yes
ax_cv_check_cflags__Wshadow=yes
ax_cv_check_cflags__Wsign_compare=yes
ax_cv_check_cflags__Wstrict_aliasing=yes
ax_cv_check_cflags__Wstrict_prototypes=yes
ax_cv_check_cflags__Wswitch_default=yes
ax_cv_check_cflags__Wswitch_enum=yes
ax_cv_check_cflags__Wundef=yes
ax_cv_check_cflags__Wunused_but_set_variable=yes
ax_cv_check_cflags__Wwrite_strings=yes
ax_cv_check_cflags___Werror_unknown_warning_option=no
ax_cv_check_cflags___Wno_suggest_attribute_format=yes
ax_cv_check_cflags__fno_strict_aliasing=yes
ax_cv_check_ldflags__Wl___as_needed=yes
ax_cv_check_ldflags__Wl___no_as_needed=yes
ax_cv_check_ldflags__Wl__z_noexecstack=yes
ax_cv_check_ldflags__Wl__z_now=yes
ax_cv_check_ldflags__Wl__z_relro=yes
ax_cv_check_ldflags___Wl___as_needed=yes
ax_cv_check_ldflags___Wl___fatal_warnings=yes
ax_cv_check_ldflags___Wl___no_as_needed=yes
ax_cv_check_ldflags___Wl__fatal_warnings=no
ax_cv_check_ldflags___Wl__z_noexecstack=yes
ax_cv_check_ldflags___Wl__z_now=yes
ax_cv_check_ldflags___Wl__z_relro=yes
lt_cv_ar_at_file=@
lt_cv_archive_cmds_need_lc=no
lt_cv_deplibs_check_method=pass_all
lt_cv_file_magic_cmd='$MAGIC_CMD'
lt_cv_file_magic_test_file=
lt_cv_ld_reload_flag=-r
lt_cv_nm_interface='BSD nm'
lt_cv_objdir=.libs
lt_cv_path_LD=/usr/bin/ld
lt_cv_path_NM='/usr/bin/nm -B'
lt_cv_path_mainfest_tool=no
lt_cv_prog_compiler_c_o=yes
lt_cv_prog_compiler_pic='-fPIC -DPIC'
lt_cv_prog_compiler_pic_works=yes
lt_cv_prog_compiler_rtti_exceptions=no
lt_cv_prog_compiler_static_works=yes
lt_cv_prog_gnu_ld=yes
lt_cv_sharedlib_from_linklib_cmd='printf %s\n'
lt_cv_shlibpath_overrides_runpath=yes
lt_cv_sys_global_symbol_pipe='sed -n -e '\''s/^.*[	 ]\([ABCDGIRSTW][ABCDGIRSTW]*\)[	 ][	 ]*\([_A-Za-z][_A-Za-z0-9]*\)$/\1 \2 \2/p'\'' | sed '\''/ __gnu_lto/d'\'''
lt_cv_sys_global_symbol_to_c_name_address='sed -n -e '\''s/^: \(.*\) .*$/  {"\1", (void *) 0},/p'\'' -e '\''s/^[ABCDGIRSTW][ABCDGIRSTW]* .* \(.*\)$/  {"\1", (void *) \&\1},/p'\'''
lt_cv_sys_global_symbol_to_c_name_address_lib_prefix='sed -n -e '\''s/^: \(.*\) .*$/  {"\1", (void *) 0},/p'\'' -e '\''s/^[ABCDGIRSTW][ABCDGIRSTW]* .* \(lib.*\)$/  {"\1", (void *) \&\1},/p'\'' -e '\''s/^[ABCDGIRSTW][ABCDGIRSTW]* .* \(.*\)$/  {"lib\1", (void *) \&\1},/p'\'''
lt_cv_sys_global_symbol_to_cdecl='sed -n -e '\''s/^T .* \(.*\)$/extern int \1();/p'\'' -e '\''s/^[ABCDGIRSTW][ABCDGIRSTW]* .* \(.*\)$/extern char \1;/p'\'''
lt_cv_sys_global_symbol_to_import=
lt_cv_sys_max_cmd_len=1572864
lt_cv_to_host_file_cmd=func_convert_file_noop
lt_cv_to_tool_file_cmd=func_convert_file_noop
lt_cv_truncate_bin='/usr/bin/dd bs=4096 count=1'
pkg_cv_DBUS_CFLAGS='-I/usr/include/dbus-1.0 -I/usr/lib/dbus-1.0/include'
pkg_cv_DBUS_LIBS=-ldbus-1
pkg_cv_GLIB_CFLAGS='-I/usr/include/glib-2.0 -I/usr/lib64/glib-2.0/include'
pkg_cv_GLIB_LIBS='-L/usr/lib64 -lglib-2.0'

## ----------------- ##
## Output variables. ##
## ----------------- ##

ACLOCAL='${SHELL} /root/Shell-main/LFS-Shell/dbus-python-1.2.16/build-aux/missing aclocal-1.16'
AMDEPBACKSLASH='\'
AMDEP_FALSE='#'
AMDEP_TRUE=''
AMTAR='$${TAR-tar}'
AM_BACKSLASH='\'
AM_DEFAULT_V='$(AM_DEFAULT_VERBOSITY)'
AM_DEFAULT_VERBOSITY='1'
AM_V='$(V)'
AR='ar'
AUTOCONF='${SHELL} /root/Shell-main/LFS-Shell/dbus-python-1.2.16/build-aux/missing autoconf'
AUTOHEADER='${SHELL} /root/Shell-main/LFS-Shell/dbus-python-1.2.16/build-aux/missing autoheader'
AUTOMAKE='${SHELL} /root/Shell-main/LFS-Shell/dbus-python-1.2.16/build-aux/missing automake-1.16'
AWK='gawk'
CC='gcc'
CCDEPMODE='depmode=gcc3'
CFLAGS='-g -O2'
CPP='gcc -E'
CPPFLAGS=''
CYGPATH_W='echo'
DBUS_CFLAGS='-I/usr/include/dbus-1.0 -I/usr/lib/dbus-1.0/include'
DBUS_LIBS='-ldbus-1'
DBUS_PYTHON_MAJOR_VERSION='1'
DBUS_PYTHON_MICRO_VERSION='16'
DBUS_PYTHON_MINOR_VERSION='2'
DBUS_RUN_SESSION='/usr/bin/dbus-run-session'
DEFS='-DHAVE_CONFIG_H'
DEPDIR='.deps'
DLLTOOL='false'
DSYMUTIL=''
DUMPBIN=''
ECHO_C=''
ECHO_N='-n'
ECHO_T=''
EGREP='/usr/bin/grep -E'
ENABLE_DOCUMENTATION_FALSE=''
ENABLE_DOCUMENTATION_TRUE='#'
ENABLE_INSTALLED_TESTS_FALSE=''
ENABLE_INSTALLED_TESTS_TRUE='#'
EXEEXT=''
FGREP='/usr/bin/grep -F'
GLIB_CFLAGS='-I/usr/include/glib-2.0 -I/usr/lib64/glib-2.0/include'
GLIB_LIBS='-L/usr/lib64 -lglib-2.0'
GREP='/usr/bin/grep'
HAVE_PYTHON_3_FALSE='#'
HAVE_PYTHON_3_TRUE=''
INSTALL_DATA='${INSTALL} -m 644'
INSTALL_PROGRAM='${INSTALL}'
INSTALL_SCRIPT='${INSTALL}'
INSTALL_STRIP_PROGRAM='$(install_sh) -c -s'
LD='/usr/bin/ld -m elf_x86_64'
LDFLAGS=''
LIBOBJS=''
LIBS=''
LIBTOOL='$(SHELL) $(top_builddir)/libtool'
LIPO=''
LN_S='ln -s'
LTLIBOBJS=''
LT_SYS_LIBRARY_PATH=''
MAINT=''
MAINTAINER_MODE_FALSE='#'
MAINTAINER_MODE_TRUE=''
MAKEINFO='${SHELL} /root/Shell-main/LFS-Shell/dbus-python-1.2.16/build-aux/missing makeinfo'
MANIFEST_TOOL=':'
MKDIR_P='/usr/bin/mkdir -p'
NM='/usr/bin/nm -B'
NMEDIT=''
OBJDUMP='objdump'
OBJEXT='o'
OTOOL64=''
OTOOL=''
PACKAGE='dbus-python'
PACKAGE_BUGREPORT='http://bugs.freedesktop.org/enter_bug.cgi?product=dbus&component=python'
PACKAGE_NAME='dbus-python'
PACKAGE_STRING='dbus-python 1.2.16'
PACKAGE_TARNAME='dbus-python'
PACKAGE_URL=''
PACKAGE_VERSION='1.2.16'
PATH_SEPARATOR=':'
PKG_CONFIG='/usr/bin/pkg-config'
PKG_CONFIG_LIBDIR=''
PKG_CONFIG_PATH='/usr/lib64/pkgconfig:'
PLATFORM='linux-x86_64'
PYTHON='/usr/bin/python'
PYTHON_CPPFLAGS='-I/usr/include/python3.12'
PYTHON_EXEC_PREFIX='${exec_prefix}'
PYTHON_EXTRA_LDFLAGS='-Xlinker -export-dynamic'
PYTHON_EXTRA_LIBS='-ldl -lm'
PYTHON_INCLUDES=''
PYTHON_LIBS='-L/usr/lib -lpython3.12'
PYTHON_PLATFORM='linux'
PYTHON_PREFIX='${prefix}'
PYTHON_SITE_PKG='/usr/lib/python3.12/site-packages'
PYTHON_VERSION='3.1'
RANLIB='ranlib'
SED='/usr/bin/sed'
SET_MAKE=''
SHELL='/bin/sh'
STRIP='strip'
VERSION='1.2.16'
WARN_CFLAGS='-fno-strict-aliasing -Wdeprecated-declarations -Wno-duplicated-branches -Wno-inline -Wno-redundant-decls -Wno-switch-default -Wno-write-strings -Wnested-externs -Wmissing-prototypes -Wstrict-prototypes -Wdeclaration-after-statement -Wimplicit-function-declaration -Wold-style-definition -Wjump-misses-init -Wall -Wextra -Wundef  -Wpointer-arith -Wmissing-declarations  -Wno-unused-parameter -Wno-missing-field-initializers -Wformat=2 -Wcast-align -Wformat-nonliteral -Wformat-security -Wsign-compare -Wstrict-aliasing -Wshadow  -Wpacked -Wmissing-format-attribute -Wmissing-noreturn -Winit-self -Wmissing-include-dirs -Wunused-but-set-variable -Warray-bounds -Wreturn-type -Wswitch-enum  -Wduplicated-cond  -Wlogical-op -Wrestrict -Wnull-dereference -Wdouble-promotion -Wno-error=duplicated-branches -Wno-error=inline -Wno-error=redundant-decls -Wno-error=switch-default -Wno-error=write-strings -Wno-error=unused-parameter -Wno-error=missing-field-initializers'
WARN_LDFLAGS='-Wl,--no-as-needed'
WARN_SCANNERFLAGS='              --warn-all                                                             '
WINDOWS_FALSE=''
WINDOWS_TRUE='#'
ac_ct_AR='ar'
ac_ct_CC='gcc'
ac_ct_DUMPBIN=''
am__EXEEXT_FALSE=''
am__EXEEXT_TRUE='#'
am__fastdepCC_FALSE='#'
am__fastdepCC_TRUE=''
am__include='include'
am__isrc=''
am__leading_dot='.'
am__nodep='_no'
am__quote=''
am__tar='tar --format=ustar -chf - "$$tardir"'
am__untar='tar -xf -'
bindir='${exec_prefix}/bin'
build='x86_64-pc-linux-gnu'
build_alias=''
build_cpu='x86_64'
build_os='linux-gnu'
build_vendor='pc'
datadir='${datarootdir}'
datarootdir='${prefix}/share'
docdir='${datarootdir}/doc/${PACKAGE_TARNAME}'
dvidir='${docdir}'
exec_prefix='${prefix}'
host='x86_64-pc-linux-gnu'
host_alias=''
host_cpu='x86_64'
host_os='linux-gnu'
host_vendor='pc'
htmldir='${docdir}'
includedir='${prefix}/include'
infodir='${datarootdir}/info'
install_sh='${SHELL} /root/Shell-main/LFS-Shell/dbus-python-1.2.16/build-aux/install-sh'
libdir='${exec_prefix}/lib'
libexecdir='${exec_prefix}/libexec'
localedir='${datarootdir}/locale'
localstatedir='${prefix}/var'
mandir='${datarootdir}/man'
mkdir_p='$(MKDIR_P)'
oldincludedir='/usr/include'
pdfdir='${docdir}'
pkgpyexecdir='${pyexecdir}/dbus-python'
pkgpythondir='${pythondir}/dbus-python'
prefix='/usr'
program_transform_name='s,x,x,'
psdir='${docdir}'
pyexecdir='${exec_prefix}/lib/python3.12/site-packages'
pythondir='${prefix}/lib/python3.12/site-packages'
runstatedir='${localstatedir}/run'
sbindir='${exec_prefix}/sbin'
sharedstatedir='${prefix}/com'
sysconfdir='${prefix}/etc'
target_alias=''

## ----------- ##
## confdefs.h. ##
## ----------- ##

/* confdefs.h */
#define PACKAGE_NAME "dbus-python"
#define PACKAGE_TARNAME "dbus-python"
#define PACKAGE_VERSION "1.2.16"
#define PACKAGE_STRING "dbus-python 1.2.16"
#define PACKAGE_BUGREPORT "http://bugs.freedesktop.org/enter_bug.cgi?product=dbus&component=python"
#define PACKAGE_URL ""
#define DBUS_PYTHON_MAJOR_VERSION 1
#define DBUS_PYTHON_MINOR_VERSION 2
#define DBUS_PYTHON_MICRO_VERSION 16
#define STDC_HEADERS 1
#define HAVE_SYS_TYPES_H 1
#define HAVE_SYS_STAT_H 1
#define HAVE_STDLIB_H 1
#define HAVE_STRING_H 1
#define HAVE_MEMORY_H 1
#define HAVE_STRINGS_H 1
#define HAVE_INTTYPES_H 1
#define HAVE_STDINT_H 1
#define HAVE_UNISTD_H 1
#define __EXTENSIONS__ 1
#define _ALL_SOURCE 1
#define _GNU_SOURCE 1
#define _POSIX_PTHREAD_SEMANTICS 1
#define _TANDEM_SOURCE 1
#define PACKAGE "dbus-python"
#define VERSION "1.2.16"
#define HAVE_DLFCN_H 1
#define LT_OBJDIR ".libs/"
#define HAVE_PYTHON "3.12"

configure: exit 0
